system   D            wsystem.c:583  maybe_parent_dir                 [   0.00039] Also searching C:\Users\admin\Downloads\Load-Runner-master\Load-Runner-1.0\
system   D            wsystem.c:633  _al_win_safe_load_library        [   0.00061] PathFindOnPath found: C:\WINDOWS\system32\d3d9.dll
system   D            wsystem.c:544  load_library_at_path             [   0.00063] Calling LoadLibrary C:\WINDOWS\system32\d3d9.dll
system   I            wsystem.c:547  load_library_at_path             [   0.02171] Loaded C:\WINDOWS\system32\d3d9.dll
d3d      I         d3d_disp.cpp:696  _al_d3d_init_display             [   0.04329] Render-to-texture: 1
system   I             system.c:252  al_install_system                [   0.04333] Allegro version: 5.0.10
d3d      I         d3d_disp.cpp:1737 d3d_create_display_locked        [   0.04414] faux_fullscreen=0
d3d      D         d3d_disp.cpp:1738 d3d_create_display_locked        [   0.04416] al_display=00FE76C8
d3d      D         d3d_disp.cpp:1739 d3d_create_display_locked        [   0.04418] al_display->vt=00FB9630
d3d      I d3d_display_formats.cpp:144  _al_d3d_generate_display_format_list [   0.05006] found 160 format combinations
display  D   display_settings.c:191  debug_display_settings           [   0.05009] color: 32 (rgba 8880), depth: 0, stencil: 0, acc: 0000, samples: 0/0
display  D   display_settings.c:506  _al_score_display_settings       [   0.05011] Score is : 897
display  D   display_settings.c:191  debug_display_settings           [   0.05012] color: 32 (rgba 8880), depth: 0, stencil: 0, acc: 0000, samples: 0/0
display  D   display_settings.c:506  _al_score_display_settings       [   0.05014] Score is : 897
display  D   display_settings.c:191  debug_display_settings           [   0.05015] color: 32 (rgba 8880), depth: 0, stencil: 0, acc: 0000, samples: 2/1
display  D   display_settings.c:506  _al_score_display_settings       [   0.05016] Score is : 726
display  D   display_settings.c:191  debug_display_settings           [   0.05018] color: 32 (rgba 8880), depth: 0, stencil: 0, acc: 0000, samples: 3/1
display  D   display_settings.c:506  _al_score_display_settings       [   0.05019] Score is : 721
display  D   display_settings.c:191  debug_display_settings           [   0.05020] color: 32 (rgba 8880), depth: 0, stencil: 0, acc: 0000, samples: 4/1
display  D   display_settings.c:506  _al_score_display_settings       [   0.05022] Score is : 717
display  D   display_settings.c:191  debug_display_settings           [   0.05023] color: 32 (rgba 8880), depth: 24, stencil: 8, acc: 0000, samples: 0/0
display  D   display_settings.c:506  _al_score_display_settings       [   0.05024] Score is : 897
display  D   display_settings.c:191  debug_display_settings           [   0.05026] color: 32 (rgba 8880), depth: 24, stencil: 8, acc: 0000, samples: 0/0
display  D   display_settings.c:506  _al_score_display_settings       [   0.05027] Score is : 897
display  D   display_settings.c:191  debug_display_settings           [   0.05028] color: 32 (rgba 8880), depth: 24, stencil: 8, acc: 0000, samples: 2/1
display  D   display_settings.c:506  _al_score_display_settings       [   0.05030] Score is : 726
display  D   display_settings.c:191  debug_display_settings           [   0.05031] color: 32 (rgba 8880), depth: 24, stencil: 8, acc: 0000, samples: 3/1
display  D   display_settings.c:506  _al_score_display_settings       [   0.05032] Score is : 721
display  D   display_settings.c:191  debug_display_settings           [   0.05033] color: 32 (rgba 8880), depth: 24, stencil: 8, acc: 0000, samples: 4/1
display  D   display_settings.c:506  _al_score_display_settings       [   0.05035] Score is : 717
display  D   display_settings.c:191  debug_display_settings           [   0.05036] color: 32 (rgba 8880), depth: 24, stencil: 0, acc: 0000, samples: 0/0
display  D   display_settings.c:506  _al_score_display_settings       [   0.05038] Score is : 897
display  D   display_settings.c:191  debug_display_settings           [   0.05039] color: 32 (rgba 8880), depth: 24, stencil: 0, acc: 0000, samples: 0/0
display  D   display_settings.c:506  _al_score_display_settings       [   0.05045] Score is : 897
display  D   display_settings.c:191  debug_display_settings           [   0.05047] color: 32 (rgba 8880), depth: 24, stencil: 0, acc: 0000, samples: 2/1
display  D   display_settings.c:506  _al_score_display_settings       [   0.05048] Score is : 726
display  D   display_settings.c:191  debug_display_settings           [   0.05049] color: 32 (rgba 8880), depth: 24, stencil: 0, acc: 0000, samples: 3/1
display  D   display_settings.c:506  _al_score_display_settings       [   0.05051] Score is : 721
display  D   display_settings.c:191  debug_display_settings           [   0.05052] color: 32 (rgba 8880), depth: 24, stencil: 0, acc: 0000, samples: 4/1
display  D   display_settings.c:506  _al_score_display_settings       [   0.05053] Score is : 717
display  D   display_settings.c:191  debug_display_settings           [   0.05054] color: 32 (rgba 8880), depth: 16, stencil: 0, acc: 0000, samples: 0/0
display  D   display_settings.c:506  _al_score_display_settings       [   0.05056] Score is : 897
display  D   display_settings.c:191  debug_display_settings           [   0.05057] color: 32 (rgba 8880), depth: 16, stencil: 0, acc: 0000, samples: 0/0
display  D   display_settings.c:506  _al_score_display_settings       [   0.05059] Score is : 897
display  D   display_settings.c:191  debug_display_settings           [   0.05060] color: 32 (rgba 8880), depth: 16, stencil: 0, acc: 0000, samples: 2/1
display  D   display_settings.c:506  _al_score_display_settings       [   0.05061] Score is : 726
display  D   display_settings.c:191  debug_display_settings           [   0.05062] color: 32 (rgba 8880), depth: 16, stencil: 0, acc: 0000, samples: 3/1
display  D   display_settings.c:506  _al_score_display_settings       [   0.05064] Score is : 721
display  D   display_settings.c:191  debug_display_settings           [   0.05065] color: 32 (rgba 8880), depth: 16, stencil: 0, acc: 0000, samples: 4/1
display  D   display_settings.c:506  _al_score_display_settings       [   0.05067] Score is : 717
display  D   display_settings.c:191  debug_display_settings           [   0.05068] color: 16 (rgba 5650), depth: 0, stencil: 0, acc: 0000, samples: 0/0
display  D   display_settings.c:506  _al_score_display_settings       [   0.05069] Score is : 897
display  D   display_settings.c:191  debug_display_settings           [   0.05070] color: 16 (rgba 5650), depth: 0, stencil: 0, acc: 0000, samples: 0/0
display  D   display_settings.c:506  _al_score_display_settings       [   0.05072] Score is : 897
display  D   display_settings.c:191  debug_display_settings           [   0.05073] color: 16 (rgba 5650), depth: 0, stencil: 0, acc: 0000, samples: 2/1
display  D   display_settings.c:506  _al_score_display_settings       [   0.05074] Score is : 726
display  D   display_settings.c:191  debug_display_settings           [   0.05075] color: 16 (rgba 5650), depth: 0, stencil: 0, acc: 0000, samples: 3/1
display  D   display_settings.c:506  _al_score_display_settings       [   0.05077] Score is : 721
display  D   display_settings.c:191  debug_display_settings           [   0.05078] color: 16 (rgba 5650), depth: 0, stencil: 0, acc: 0000, samples: 4/1
display  D   display_settings.c:506  _al_score_display_settings       [   0.05080] Score is : 717
display  D   display_settings.c:191  debug_display_settings           [   0.05081] color: 16 (rgba 5650), depth: 24, stencil: 8, acc: 0000, samples: 0/0
display  D   display_settings.c:506  _al_score_display_settings       [   0.05082] Score is : 897
display  D   display_settings.c:191  debug_display_settings           [   0.05083] color: 16 (rgba 5650), depth: 24, stencil: 8, acc: 0000, samples: 0/0
display  D   display_settings.c:506  _al_score_display_settings       [   0.05085] Score is : 897
display  D   display_settings.c:191  debug_display_settings           [   0.05086] color: 16 (rgba 5650), depth: 24, stencil: 8, acc: 0000, samples: 2/1
display  D   display_settings.c:506  _al_score_display_settings       [   0.05088] Score is : 726
display  D   display_settings.c:191  debug_display_settings           [   0.05092] color: 16 (rgba 5650), depth: 24, stencil: 8, acc: 0000, samples: 3/1
display  D   display_settings.c:506  _al_score_display_settings       [   0.05094] Score is : 721
display  D   display_settings.c:191  debug_display_settings           [   0.05095] color: 16 (rgba 5650), depth: 24, stencil: 8, acc: 0000, samples: 4/1
display  D   display_settings.c:506  _al_score_display_settings       [   0.05096] Score is : 717
display  D   display_settings.c:191  debug_display_settings           [   0.05097] color: 16 (rgba 5650), depth: 24, stencil: 0, acc: 0000, samples: 0/0
display  D   display_settings.c:506  _al_score_display_settings       [   0.05099] Score is : 897
display  D   display_settings.c:191  debug_display_settings           [   0.05100] color: 16 (rgba 5650), depth: 24, stencil: 0, acc: 0000, samples: 0/0
display  D   display_settings.c:506  _al_score_display_settings       [   0.05101] Score is : 897
display  D   display_settings.c:191  debug_display_settings           [   0.05103] color: 16 (rgba 5650), depth: 24, stencil: 0, acc: 0000, samples: 2/1
display  D   display_settings.c:506  _al_score_display_settings       [   0.05104] Score is : 726
display  D   display_settings.c:191  debug_display_settings           [   0.05105] color: 16 (rgba 5650), depth: 24, stencil: 0, acc: 0000, samples: 3/1
display  D   display_settings.c:506  _al_score_display_settings       [   0.05107] Score is : 721
display  D   display_settings.c:191  debug_display_settings           [   0.05108] color: 16 (rgba 5650), depth: 24, stencil: 0, acc: 0000, samples: 4/1
display  D   display_settings.c:506  _al_score_display_settings       [   0.05109] Score is : 717
display  D   display_settings.c:191  debug_display_settings           [   0.05110] color: 16 (rgba 5650), depth: 16, stencil: 0, acc: 0000, samples: 0/0
display  D   display_settings.c:506  _al_score_display_settings       [   0.05112] Score is : 897
display  D   display_settings.c:191  debug_display_settings           [   0.05113] color: 16 (rgba 5650), depth: 16, stencil: 0, acc: 0000, samples: 0/0
display  D   display_settings.c:506  _al_score_display_settings       [   0.05115] Score is : 897
display  D   display_settings.c:191  debug_display_settings           [   0.05116] color: 16 (rgba 5650), depth: 16, stencil: 0, acc: 0000, samples: 2/1
display  D   display_settings.c:506  _al_score_display_settings       [   0.05117] Score is : 726
display  D   display_settings.c:191  debug_display_settings           [   0.05118] color: 16 (rgba 5650), depth: 16, stencil: 0, acc: 0000, samples: 3/1
display  D   display_settings.c:506  _al_score_display_settings       [   0.05120] Score is : 721
display  D   display_settings.c:191  debug_display_settings           [   0.05121] color: 16 (rgba 5650), depth: 16, stencil: 0, acc: 0000, samples: 4/1
display  D   display_settings.c:506  _al_score_display_settings       [   0.05123] Score is : 717
display  D   display_settings.c:191  debug_display_settings           [   0.05124] color: 32 (rgba 8880), depth: 0, stencil: 0, acc: 0000, samples: 0/0
display  D   display_settings.c:377  _al_score_display_settings       [   0.05125] Single Buffer requirement not met.
display  D   display_settings.c:191  debug_display_settings           [   0.05126] color: 32 (rgba 8880), depth: 0, stencil: 0, acc: 0000, samples: 0/0
display  D   display_settings.c:377  _al_score_display_settings       [   0.05128] Single Buffer requirement not met.
display  D   display_settings.c:191  debug_display_settings           [   0.05129] color: 32 (rgba 8880), depth: 0, stencil: 0, acc: 0000, samples: 2/1
display  D   display_settings.c:377  _al_score_display_settings       [   0.05131] Single Buffer requirement not met.
display  D   display_settings.c:191  debug_display_settings           [   0.05132] color: 32 (rgba 8880), depth: 0, stencil: 0, acc: 0000, samples: 3/1
display  D   display_settings.c:377  _al_score_display_settings       [   0.05133] Single Buffer requirement not met.
display  D   display_settings.c:191  debug_display_settings           [   0.05138] color: 32 (rgba 8880), depth: 0, stencil: 0, acc: 0000, samples: 4/1
display  D   display_settings.c:377  _al_score_display_settings       [   0.05140] Single Buffer requirement not met.
display  D   display_settings.c:191  debug_display_settings           [   0.05141] color: 32 (rgba 8880), depth: 24, stencil: 8, acc: 0000, samples: 0/0
display  D   display_settings.c:377  _al_score_display_settings       [   0.05142] Single Buffer requirement not met.
display  D   display_settings.c:191  debug_display_settings           [   0.05144] color: 32 (rgba 8880), depth: 24, stencil: 8, acc: 0000, samples: 0/0
display  D   display_settings.c:377  _al_score_display_settings       [   0.05145] Single Buffer requirement not met.
display  D   display_settings.c:191  debug_display_settings           [   0.05146] color: 32 (rgba 8880), depth: 24, stencil: 8, acc: 0000, samples: 2/1
display  D   display_settings.c:377  _al_score_display_settings       [   0.05148] Single Buffer requirement not met.
display  D   display_settings.c:191  debug_display_settings           [   0.05149] color: 32 (rgba 8880), depth: 24, stencil: 8, acc: 0000, samples: 3/1
display  D   display_settings.c:377  _al_score_display_settings       [   0.05151] Single Buffer requirement not met.
display  D   display_settings.c:191  debug_display_settings           [   0.05152] color: 32 (rgba 8880), depth: 24, stencil: 8, acc: 0000, samples: 4/1
display  D   display_settings.c:377  _al_score_display_settings       [   0.05153] Single Buffer requirement not met.
display  D   display_settings.c:191  debug_display_settings           [   0.05154] color: 32 (rgba 8880), depth: 24, stencil: 0, acc: 0000, samples: 0/0
display  D   display_settings.c:377  _al_score_display_settings       [   0.05156] Single Buffer requirement not met.
display  D   display_settings.c:191  debug_display_settings           [   0.05157] color: 32 (rgba 8880), depth: 24, stencil: 0, acc: 0000, samples: 0/0
display  D   display_settings.c:377  _al_score_display_settings       [   0.05159] Single Buffer requirement not met.
display  D   display_settings.c:191  debug_display_settings           [   0.05160] color: 32 (rgba 8880), depth: 24, stencil: 0, acc: 0000, samples: 2/1
display  D   display_settings.c:377  _al_score_display_settings       [   0.05161] Single Buffer requirement not met.
display  D   display_settings.c:191  debug_display_settings           [   0.05162] color: 32 (rgba 8880), depth: 24, stencil: 0, acc: 0000, samples: 3/1
display  D   display_settings.c:377  _al_score_display_settings       [   0.05164] Single Buffer requirement not met.
display  D   display_settings.c:191  debug_display_settings           [   0.05165] color: 32 (rgba 8880), depth: 24, stencil: 0, acc: 0000, samples: 4/1
display  D   display_settings.c:377  _al_score_display_settings       [   0.05167] Single Buffer requirement not met.
display  D   display_settings.c:191  debug_display_settings           [   0.05168] color: 32 (rgba 8880), depth: 16, stencil: 0, acc: 0000, samples: 0/0
display  D   display_settings.c:377  _al_score_display_settings       [   0.05169] Single Buffer requirement not met.
display  D   display_settings.c:191  debug_display_settings           [   0.05171] color: 32 (rgba 8880), depth: 16, stencil: 0, acc: 0000, samples: 0/0
display  D   display_settings.c:377  _al_score_display_settings       [   0.05172] Single Buffer requirement not met.
display  D   display_settings.c:191  debug_display_settings           [   0.05173] color: 32 (rgba 8880), depth: 16, stencil: 0, acc: 0000, samples: 2/1
display  D   display_settings.c:377  _al_score_display_settings       [   0.05175] Single Buffer requirement not met.
display  D   display_settings.c:191  debug_display_settings           [   0.05176] color: 32 (rgba 8880), depth: 16, stencil: 0, acc: 0000, samples: 3/1
display  D   display_settings.c:377  _al_score_display_settings       [   0.05178] Single Buffer requirement not met.
display  D   display_settings.c:191  debug_display_settings           [   0.05179] color: 32 (rgba 8880), depth: 16, stencil: 0, acc: 0000, samples: 4/1
display  D   display_settings.c:377  _al_score_display_settings       [   0.05180] Single Buffer requirement not met.
display  D   display_settings.c:191  debug_display_settings           [   0.05182] color: 16 (rgba 5650), depth: 0, stencil: 0, acc: 0000, samples: 0/0
display  D   display_settings.c:377  _al_score_display_settings       [   0.05183] Single Buffer requirement not met.
display  D   display_settings.c:191  debug_display_settings           [   0.05184] color: 16 (rgba 5650), depth: 0, stencil: 0, acc: 0000, samples: 0/0
display  D   display_settings.c:377  _al_score_display_settings       [   0.05186] Single Buffer requirement not met.
display  D   display_settings.c:191  debug_display_settings           [   0.05187] color: 16 (rgba 5650), depth: 0, stencil: 0, acc: 0000, samples: 2/1
display  D   display_settings.c:377  _al_score_display_settings       [   0.05189] Single Buffer requirement not met.
display  D   display_settings.c:191  debug_display_settings           [   0.05190] color: 16 (rgba 5650), depth: 0, stencil: 0, acc: 0000, samples: 3/1
display  D   display_settings.c:377  _al_score_display_settings       [   0.05191] Single Buffer requirement not met.
display  D   display_settings.c:191  debug_display_settings           [   0.05192] color: 16 (rgba 5650), depth: 0, stencil: 0, acc: 0000, samples: 4/1
display  D   display_settings.c:377  _al_score_display_settings       [   0.05194] Single Buffer requirement not met.
display  D   display_settings.c:191  debug_display_settings           [   0.05195] color: 16 (rgba 5650), depth: 24, stencil: 8, acc: 0000, samples: 0/0
display  D   display_settings.c:377  _al_score_display_settings       [   0.05196] Single Buffer requirement not met.
display  D   display_settings.c:191  debug_display_settings           [   0.05197] color: 16 (rgba 5650), depth: 24, stencil: 8, acc: 0000, samples: 0/0
display  D   display_settings.c:377  _al_score_display_settings       [   0.05198] Single Buffer requirement not met.
display  D   display_settings.c:191  debug_display_settings           [   0.05199] color: 16 (rgba 5650), depth: 24, stencil: 8, acc: 0000, samples: 2/1
display  D   display_settings.c:377  _al_score_display_settings       [   0.05200] Single Buffer requirement not met.
display  D   display_settings.c:191  debug_display_settings           [   0.05201] color: 16 (rgba 5650), depth: 24, stencil: 8, acc: 0000, samples: 3/1
display  D   display_settings.c:377  _al_score_display_settings       [   0.05203] Single Buffer requirement not met.
display  D   display_settings.c:191  debug_display_settings           [   0.05204] color: 16 (rgba 5650), depth: 24, stencil: 8, acc: 0000, samples: 4/1
display  D   display_settings.c:377  _al_score_display_settings       [   0.05205] Single Buffer requirement not met.
display  D   display_settings.c:191  debug_display_settings           [   0.05207] color: 16 (rgba 5650), depth: 24, stencil: 0, acc: 0000, samples: 0/0
display  D   display_settings.c:377  _al_score_display_settings       [   0.05208] Single Buffer requirement not met.
display  D   display_settings.c:191  debug_display_settings           [   0.05209] color: 16 (rgba 5650), depth: 24, stencil: 0, acc: 0000, samples: 0/0
display  D   display_settings.c:377  _al_score_display_settings       [   0.05211] Single Buffer requirement not met.
display  D   display_settings.c:191  debug_display_settings           [   0.05212] color: 16 (rgba 5650), depth: 24, stencil: 0, acc: 0000, samples: 2/1
display  D   display_settings.c:377  _al_score_display_settings       [   0.05214] Single Buffer requirement not met.
display  D   display_settings.c:191  debug_display_settings           [   0.05215] color: 16 (rgba 5650), depth: 24, stencil: 0, acc: 0000, samples: 3/1
display  D   display_settings.c:377  _al_score_display_settings       [   0.05216] Single Buffer requirement not met.
display  D   display_settings.c:191  debug_display_settings           [   0.05217] color: 16 (rgba 5650), depth: 24, stencil: 0, acc: 0000, samples: 4/1
display  D   display_settings.c:377  _al_score_display_settings       [   0.05219] Single Buffer requirement not met.
display  D   display_settings.c:191  debug_display_settings           [   0.05220] color: 16 (rgba 5650), depth: 16, stencil: 0, acc: 0000, samples: 0/0
display  D   display_settings.c:377  _al_score_display_settings       [   0.05221] Single Buffer requirement not met.
display  D   display_settings.c:191  debug_display_settings           [   0.05222] color: 16 (rgba 5650), depth: 16, stencil: 0, acc: 0000, samples: 0/0
display  D   display_settings.c:377  _al_score_display_settings       [   0.05224] Single Buffer requirement not met.
display  D   display_settings.c:191  debug_display_settings           [   0.05225] color: 16 (rgba 5650), depth: 16, stencil: 0, acc: 0000, samples: 2/1
display  D   display_settings.c:377  _al_score_display_settings       [   0.05226] Single Buffer requirement not met.
display  D   display_settings.c:191  debug_display_settings           [   0.05228] color: 16 (rgba 5650), depth: 16, stencil: 0, acc: 0000, samples: 3/1
display  D   display_settings.c:377  _al_score_display_settings       [   0.05229] Single Buffer requirement not met.
display  D   display_settings.c:191  debug_display_settings           [   0.05230] color: 16 (rgba 5650), depth: 16, stencil: 0, acc: 0000, samples: 4/1
display  D   display_settings.c:377  _al_score_display_settings       [   0.05232] Single Buffer requirement not met.
display  D   display_settings.c:191  debug_display_settings           [   0.05233] color: 32 (rgba 8880), depth: 0, stencil: 0, acc: 0000, samples: 0/0
display  D   display_settings.c:506  _al_score_display_settings       [   0.05235] Score is : 769
display  D   display_settings.c:191  debug_display_settings           [   0.05236] color: 32 (rgba 8880), depth: 0, stencil: 0, acc: 0000, samples: 0/0
display  D   display_settings.c:506  _al_score_display_settings       [   0.05238] Score is : 769
display  D   display_settings.c:191  debug_display_settings           [   0.05238] color: 32 (rgba 8880), depth: 0, stencil: 0, acc: 0000, samples: 2/1
display  D   display_settings.c:506  _al_score_display_settings       [   0.05240] Score is : 598
display  D   display_settings.c:191  debug_display_settings           [   0.05241] color: 32 (rgba 8880), depth: 0, stencil: 0, acc: 0000, samples: 3/1
display  D   display_settings.c:506  _al_score_display_settings       [   0.05242] Score is : 593
display  D   display_settings.c:191  debug_display_settings           [   0.05243] color: 32 (rgba 8880), depth: 0, stencil: 0, acc: 0000, samples: 4/1
display  D   display_settings.c:506  _al_score_display_settings       [   0.05245] Score is : 589
display  D   display_settings.c:191  debug_display_settings           [   0.05246] color: 32 (rgba 8880), depth: 24, stencil: 8, acc: 0000, samples: 0/0
display  D   display_settings.c:506  _al_score_display_settings       [   0.05247] Score is : 769
display  D   display_settings.c:191  debug_display_settings           [   0.05247] color: 32 (rgba 8880), depth: 24, stencil: 8, acc: 0000, samples: 0/0
display  D   display_settings.c:506  _al_score_display_settings       [   0.05248] Score is : 769
display  D   display_settings.c:191  debug_display_settings           [   0.05249] color: 32 (rgba 8880), depth: 24, stencil: 8, acc: 0000, samples: 2/1
display  D   display_settings.c:506  _al_score_display_settings       [   0.05250] Score is : 598
display  D   display_settings.c:191  debug_display_settings           [   0.05251] color: 32 (rgba 8880), depth: 24, stencil: 8, acc: 0000, samples: 3/1
display  D   display_settings.c:506  _al_score_display_settings       [   0.05252] Score is : 593
display  D   display_settings.c:191  debug_display_settings           [   0.05253] color: 32 (rgba 8880), depth: 24, stencil: 8, acc: 0000, samples: 4/1
display  D   display_settings.c:506  _al_score_display_settings       [   0.05254] Score is : 589
display  D   display_settings.c:191  debug_display_settings           [   0.05255] color: 32 (rgba 8880), depth: 24, stencil: 0, acc: 0000, samples: 0/0
display  D   display_settings.c:506  _al_score_display_settings       [   0.05256] Score is : 769
display  D   display_settings.c:191  debug_display_settings           [   0.05257] color: 32 (rgba 8880), depth: 24, stencil: 0, acc: 0000, samples: 0/0
display  D   display_settings.c:506  _al_score_display_settings       [   0.05258] Score is : 769
display  D   display_settings.c:191  debug_display_settings           [   0.05259] color: 32 (rgba 8880), depth: 24, stencil: 0, acc: 0000, samples: 2/1
display  D   display_settings.c:506  _al_score_display_settings       [   0.05260] Score is : 598
display  D   display_settings.c:191  debug_display_settings           [   0.05260] color: 32 (rgba 8880), depth: 24, stencil: 0, acc: 0000, samples: 3/1
display  D   display_settings.c:506  _al_score_display_settings       [   0.05261] Score is : 593
display  D   display_settings.c:191  debug_display_settings           [   0.05262] color: 32 (rgba 8880), depth: 24, stencil: 0, acc: 0000, samples: 4/1
display  D   display_settings.c:506  _al_score_display_settings       [   0.05263] Score is : 589
display  D   display_settings.c:191  debug_display_settings           [   0.05264] color: 32 (rgba 8880), depth: 16, stencil: 0, acc: 0000, samples: 0/0
display  D   display_settings.c:506  _al_score_display_settings       [   0.05265] Score is : 769
display  D   display_settings.c:191  debug_display_settings           [   0.05266] color: 32 (rgba 8880), depth: 16, stencil: 0, acc: 0000, samples: 0/0
display  D   display_settings.c:506  _al_score_display_settings       [   0.05267] Score is : 769
display  D   display_settings.c:191  debug_display_settings           [   0.05268] color: 32 (rgba 8880), depth: 16, stencil: 0, acc: 0000, samples: 2/1
display  D   display_settings.c:506  _al_score_display_settings       [   0.05269] Score is : 598
display  D   display_settings.c:191  debug_display_settings           [   0.05269] color: 32 (rgba 8880), depth: 16, stencil: 0, acc: 0000, samples: 3/1
display  D   display_settings.c:506  _al_score_display_settings       [   0.05270] Score is : 593
display  D   display_settings.c:191  debug_display_settings           [   0.05271] color: 32 (rgba 8880), depth: 16, stencil: 0, acc: 0000, samples: 4/1
display  D   display_settings.c:506  _al_score_display_settings       [   0.05272] Score is : 589
display  D   display_settings.c:191  debug_display_settings           [   0.05273] color: 16 (rgba 5650), depth: 0, stencil: 0, acc: 0000, samples: 0/0
display  D   display_settings.c:506  _al_score_display_settings       [   0.05274] Score is : 769
display  D   display_settings.c:191  debug_display_settings           [   0.05275] color: 16 (rgba 5650), depth: 0, stencil: 0, acc: 0000, samples: 0/0
display  D   display_settings.c:506  _al_score_display_settings       [   0.05276] Score is : 769
display  D   display_settings.c:191  debug_display_settings           [   0.05277] color: 16 (rgba 5650), depth: 0, stencil: 0, acc: 0000, samples: 2/1
display  D   display_settings.c:506  _al_score_display_settings       [   0.05278] Score is : 598
display  D   display_settings.c:191  debug_display_settings           [   0.05278] color: 16 (rgba 5650), depth: 0, stencil: 0, acc: 0000, samples: 3/1
display  D   display_settings.c:506  _al_score_display_settings       [   0.05279] Score is : 593
display  D   display_settings.c:191  debug_display_settings           [   0.05280] color: 16 (rgba 5650), depth: 0, stencil: 0, acc: 0000, samples: 4/1
display  D   display_settings.c:506  _al_score_display_settings       [   0.05281] Score is : 589
display  D   display_settings.c:191  debug_display_settings           [   0.05282] color: 16 (rgba 5650), depth: 24, stencil: 8, acc: 0000, samples: 0/0
display  D   display_settings.c:506  _al_score_display_settings       [   0.05283] Score is : 769
display  D   display_settings.c:191  debug_display_settings           [   0.05284] color: 16 (rgba 5650), depth: 24, stencil: 8, acc: 0000, samples: 0/0
display  D   display_settings.c:506  _al_score_display_settings       [   0.05285] Score is : 769
display  D   display_settings.c:191  debug_display_settings           [   0.05286] color: 16 (rgba 5650), depth: 24, stencil: 8, acc: 0000, samples: 2/1
display  D   display_settings.c:506  _al_score_display_settings       [   0.05287] Score is : 598
display  D   display_settings.c:191  debug_display_settings           [   0.05288] color: 16 (rgba 5650), depth: 24, stencil: 8, acc: 0000, samples: 3/1
display  D   display_settings.c:506  _al_score_display_settings       [   0.05289] Score is : 593
display  D   display_settings.c:191  debug_display_settings           [   0.05290] color: 16 (rgba 5650), depth: 24, stencil: 8, acc: 0000, samples: 4/1
display  D   display_settings.c:506  _al_score_display_settings       [   0.05291] Score is : 589
display  D   display_settings.c:191  debug_display_settings           [   0.05291] color: 16 (rgba 5650), depth: 24, stencil: 0, acc: 0000, samples: 0/0
display  D   display_settings.c:506  _al_score_display_settings       [   0.05293] Score is : 769
display  D   display_settings.c:191  debug_display_settings           [   0.05293] color: 16 (rgba 5650), depth: 24, stencil: 0, acc: 0000, samples: 0/0
display  D   display_settings.c:506  _al_score_display_settings       [   0.05294] Score is : 769
display  D   display_settings.c:191  debug_display_settings           [   0.05295] color: 16 (rgba 5650), depth: 24, stencil: 0, acc: 0000, samples: 2/1
display  D   display_settings.c:506  _al_score_display_settings       [   0.05296] Score is : 598
display  D   display_settings.c:191  debug_display_settings           [   0.05297] color: 16 (rgba 5650), depth: 24, stencil: 0, acc: 0000, samples: 3/1
display  D   display_settings.c:506  _al_score_display_settings       [   0.05298] Score is : 593
display  D   display_settings.c:191  debug_display_settings           [   0.05299] color: 16 (rgba 5650), depth: 24, stencil: 0, acc: 0000, samples: 4/1
display  D   display_settings.c:506  _al_score_display_settings       [   0.05300] Score is : 589
display  D   display_settings.c:191  debug_display_settings           [   0.05300] color: 16 (rgba 5650), depth: 16, stencil: 0, acc: 0000, samples: 0/0
display  D   display_settings.c:506  _al_score_display_settings       [   0.05302] Score is : 769
display  D   display_settings.c:191  debug_display_settings           [   0.05302] color: 16 (rgba 5650), depth: 16, stencil: 0, acc: 0000, samples: 0/0
display  D   display_settings.c:506  _al_score_display_settings       [   0.05303] Score is : 769
display  D   display_settings.c:191  debug_display_settings           [   0.05304] color: 16 (rgba 5650), depth: 16, stencil: 0, acc: 0000, samples: 2/1
display  D   display_settings.c:506  _al_score_display_settings       [   0.05305] Score is : 598
display  D   display_settings.c:191  debug_display_settings           [   0.05306] color: 16 (rgba 5650), depth: 16, stencil: 0, acc: 0000, samples: 3/1
display  D   display_settings.c:506  _al_score_display_settings       [   0.05307] Score is : 593
display  D   display_settings.c:191  debug_display_settings           [   0.05308] color: 16 (rgba 5650), depth: 16, stencil: 0, acc: 0000, samples: 4/1
display  D   display_settings.c:506  _al_score_display_settings       [   0.05309] Score is : 589
display  D   display_settings.c:191  debug_display_settings           [   0.05310] color: 32 (rgba 8880), depth: 0, stencil: 0, acc: 0000, samples: 0/0
display  D   display_settings.c:377  _al_score_display_settings       [   0.05311] Single Buffer requirement not met.
display  D   display_settings.c:191  debug_display_settings           [   0.05311] color: 32 (rgba 8880), depth: 0, stencil: 0, acc: 0000, samples: 0/0
display  D   display_settings.c:377  _al_score_display_settings       [   0.05313] Single Buffer requirement not met.
display  D   display_settings.c:191  debug_display_settings           [   0.05313] color: 32 (rgba 8880), depth: 0, stencil: 0, acc: 0000, samples: 2/1
display  D   display_settings.c:377  _al_score_display_settings       [   0.05315] Single Buffer requirement not met.
display  D   display_settings.c:191  debug_display_settings           [   0.05315] color: 32 (rgba 8880), depth: 0, stencil: 0, acc: 0000, samples: 3/1
display  D   display_settings.c:377  _al_score_display_settings       [   0.05316] Single Buffer requirement not met.
display  D   display_settings.c:191  debug_display_settings           [   0.05317] color: 32 (rgba 8880), depth: 0, stencil: 0, acc: 0000, samples: 4/1
display  D   display_settings.c:377  _al_score_display_settings       [   0.05318] Single Buffer requirement not met.
display  D   display_settings.c:191  debug_display_settings           [   0.05319] color: 32 (rgba 8880), depth: 24, stencil: 8, acc: 0000, samples: 0/0
display  D   display_settings.c:377  _al_score_display_settings       [   0.05320] Single Buffer requirement not met.
display  D   display_settings.c:191  debug_display_settings           [   0.05321] color: 32 (rgba 8880), depth: 24, stencil: 8, acc: 0000, samples: 0/0
display  D   display_settings.c:377  _al_score_display_settings       [   0.05322] Single Buffer requirement not met.
display  D   display_settings.c:191  debug_display_settings           [   0.05323] color: 32 (rgba 8880), depth: 24, stencil: 8, acc: 0000, samples: 2/1
display  D   display_settings.c:377  _al_score_display_settings       [   0.05324] Single Buffer requirement not met.
display  D   display_settings.c:191  debug_display_settings           [   0.05325] color: 32 (rgba 8880), depth: 24, stencil: 8, acc: 0000, samples: 3/1
display  D   display_settings.c:377  _al_score_display_settings       [   0.05326] Single Buffer requirement not met.
display  D   display_settings.c:191  debug_display_settings           [   0.05326] color: 32 (rgba 8880), depth: 24, stencil: 8, acc: 0000, samples: 4/1
display  D   display_settings.c:377  _al_score_display_settings       [   0.05327] Single Buffer requirement not met.
display  D   display_settings.c:191  debug_display_settings           [   0.05328] color: 32 (rgba 8880), depth: 24, stencil: 0, acc: 0000, samples: 0/0
display  D   display_settings.c:377  _al_score_display_settings       [   0.05329] Single Buffer requirement not met.
display  D   display_settings.c:191  debug_display_settings           [   0.05330] color: 32 (rgba 8880), depth: 24, stencil: 0, acc: 0000, samples: 0/0
display  D   display_settings.c:377  _al_score_display_settings       [   0.05331] Single Buffer requirement not met.
display  D   display_settings.c:191  debug_display_settings           [   0.05332] color: 32 (rgba 8880), depth: 24, stencil: 0, acc: 0000, samples: 2/1
display  D   display_settings.c:377  _al_score_display_settings       [   0.05333] Single Buffer requirement not met.
display  D   display_settings.c:191  debug_display_settings           [   0.05334] color: 32 (rgba 8880), depth: 24, stencil: 0, acc: 0000, samples: 3/1
display  D   display_settings.c:377  _al_score_display_settings       [   0.05335] Single Buffer requirement not met.
display  D   display_settings.c:191  debug_display_settings           [   0.05336] color: 32 (rgba 8880), depth: 24, stencil: 0, acc: 0000, samples: 4/1
display  D   display_settings.c:377  _al_score_display_settings       [   0.05337] Single Buffer requirement not met.
display  D   display_settings.c:191  debug_display_settings           [   0.05338] color: 32 (rgba 8880), depth: 16, stencil: 0, acc: 0000, samples: 0/0
display  D   display_settings.c:377  _al_score_display_settings       [   0.05339] Single Buffer requirement not met.
display  D   display_settings.c:191  debug_display_settings           [   0.05339] color: 32 (rgba 8880), depth: 16, stencil: 0, acc: 0000, samples: 0/0
display  D   display_settings.c:377  _al_score_display_settings       [   0.05340] Single Buffer requirement not met.
display  D   display_settings.c:191  debug_display_settings           [   0.05341] color: 32 (rgba 8880), depth: 16, stencil: 0, acc: 0000, samples: 2/1
display  D   display_settings.c:377  _al_score_display_settings       [   0.05343] Single Buffer requirement not met.
display  D   display_settings.c:191  debug_display_settings           [   0.05343] color: 32 (rgba 8880), depth: 16, stencil: 0, acc: 0000, samples: 3/1
display  D   display_settings.c:377  _al_score_display_settings       [   0.05344] Single Buffer requirement not met.
display  D   display_settings.c:191  debug_display_settings           [   0.05345] color: 32 (rgba 8880), depth: 16, stencil: 0, acc: 0000, samples: 4/1
display  D   display_settings.c:377  _al_score_display_settings       [   0.05346] Single Buffer requirement not met.
display  D   display_settings.c:191  debug_display_settings           [   0.05347] color: 16 (rgba 5650), depth: 0, stencil: 0, acc: 0000, samples: 0/0
display  D   display_settings.c:377  _al_score_display_settings       [   0.05348] Single Buffer requirement not met.
display  D   display_settings.c:191  debug_display_settings           [   0.05349] color: 16 (rgba 5650), depth: 0, stencil: 0, acc: 0000, samples: 0/0
display  D   display_settings.c:377  _al_score_display_settings       [   0.05350] Single Buffer requirement not met.
display  D   display_settings.c:191  debug_display_settings           [   0.05351] color: 16 (rgba 5650), depth: 0, stencil: 0, acc: 0000, samples: 2/1
display  D   display_settings.c:377  _al_score_display_settings       [   0.05352] Single Buffer requirement not met.
display  D   display_settings.c:191  debug_display_settings           [   0.05353] color: 16 (rgba 5650), depth: 0, stencil: 0, acc: 0000, samples: 3/1
display  D   display_settings.c:377  _al_score_display_settings       [   0.05354] Single Buffer requirement not met.
display  D   display_settings.c:191  debug_display_settings           [   0.05355] color: 16 (rgba 5650), depth: 0, stencil: 0, acc: 0000, samples: 4/1
display  D   display_settings.c:377  _al_score_display_settings       [   0.05356] Single Buffer requirement not met.
display  D   display_settings.c:191  debug_display_settings           [   0.05357] color: 16 (rgba 5650), depth: 24, stencil: 8, acc: 0000, samples: 0/0
display  D   display_settings.c:377  _al_score_display_settings       [   0.05358] Single Buffer requirement not met.
display  D   display_settings.c:191  debug_display_settings           [   0.05359] color: 16 (rgba 5650), depth: 24, stencil: 8, acc: 0000, samples: 0/0
display  D   display_settings.c:377  _al_score_display_settings       [   0.05360] Single Buffer requirement not met.
display  D   display_settings.c:191  debug_display_settings           [   0.05360] color: 16 (rgba 5650), depth: 24, stencil: 8, acc: 0000, samples: 2/1
display  D   display_settings.c:377  _al_score_display_settings       [   0.05361] Single Buffer requirement not met.
display  D   display_settings.c:191  debug_display_settings           [   0.05362] color: 16 (rgba 5650), depth: 24, stencil: 8, acc: 0000, samples: 3/1
display  D   display_settings.c:377  _al_score_display_settings       [   0.05363] Single Buffer requirement not met.
display  D   display_settings.c:191  debug_display_settings           [   0.05364] color: 16 (rgba 5650), depth: 24, stencil: 8, acc: 0000, samples: 4/1
display  D   display_settings.c:377  _al_score_display_settings       [   0.05365] Single Buffer requirement not met.
display  D   display_settings.c:191  debug_display_settings           [   0.05366] color: 16 (rgba 5650), depth: 24, stencil: 0, acc: 0000, samples: 0/0
display  D   display_settings.c:377  _al_score_display_settings       [   0.05367] Single Buffer requirement not met.
display  D   display_settings.c:191  debug_display_settings           [   0.05368] color: 16 (rgba 5650), depth: 24, stencil: 0, acc: 0000, samples: 0/0
display  D   display_settings.c:377  _al_score_display_settings       [   0.05369] Single Buffer requirement not met.
display  D   display_settings.c:191  debug_display_settings           [   0.05370] color: 16 (rgba 5650), depth: 24, stencil: 0, acc: 0000, samples: 2/1
display  D   display_settings.c:377  _al_score_display_settings       [   0.05371] Single Buffer requirement not met.
display  D   display_settings.c:191  debug_display_settings           [   0.05372] color: 16 (rgba 5650), depth: 24, stencil: 0, acc: 0000, samples: 3/1
display  D   display_settings.c:377  _al_score_display_settings       [   0.05373] Single Buffer requirement not met.
display  D   display_settings.c:191  debug_display_settings           [   0.05373] color: 16 (rgba 5650), depth: 24, stencil: 0, acc: 0000, samples: 4/1
display  D   display_settings.c:377  _al_score_display_settings       [   0.05375] Single Buffer requirement not met.
display  D   display_settings.c:191  debug_display_settings           [   0.05375] color: 16 (rgba 5650), depth: 16, stencil: 0, acc: 0000, samples: 0/0
display  D   display_settings.c:377  _al_score_display_settings       [   0.05376] Single Buffer requirement not met.
display  D   display_settings.c:191  debug_display_settings           [   0.05377] color: 16 (rgba 5650), depth: 16, stencil: 0, acc: 0000, samples: 0/0
display  D   display_settings.c:377  _al_score_display_settings       [   0.05378] Single Buffer requirement not met.
display  D   display_settings.c:191  debug_display_settings           [   0.05379] color: 16 (rgba 5650), depth: 16, stencil: 0, acc: 0000, samples: 2/1
display  D   display_settings.c:377  _al_score_display_settings       [   0.05380] Single Buffer requirement not met.
display  D   display_settings.c:191  debug_display_settings           [   0.05381] color: 16 (rgba 5650), depth: 16, stencil: 0, acc: 0000, samples: 3/1
display  D   display_settings.c:377  _al_score_display_settings       [   0.05382] Single Buffer requirement not met.
display  D   display_settings.c:191  debug_display_settings           [   0.05383] color: 16 (rgba 5650), depth: 16, stencil: 0, acc: 0000, samples: 4/1
display  D   display_settings.c:377  _al_score_display_settings       [   0.05384] Single Buffer requirement not met.
d3d      D         d3d_disp.cpp:1645 d3d_create_display_internals     [   0.05391] Trying format 0.
d3d      I         d3d_disp.cpp:1326 d3d_display_thread_proc          [   0.05417] Chose a display format: 23
d3d      I         d3d_disp.cpp:1395 d3d_display_thread_proc          [   0.05420] Normal window.
d3d      I         d3d_disp.cpp:801  d3d_create_device                [   0.06623] Using no depth stencil buffer
d3d      D         d3d_disp.cpp:866  d3d_create_device                [   0.09884] BeginScene succeeded in create_device
d3d      D         d3d_disp.cpp:874  d3d_create_device                [   0.09887] Success
d3d      D         d3d_disp.cpp:1668 d3d_create_display_internals     [   0.09890] Resumed after wait.
d3d      I         d3d_disp.cpp:1701 d3d_create_display_internals     [   0.09896] Format 0 succeeded.
d3d      D         d3d_disp.cpp:1724 d3d_create_display_internals     [   0.09899] Returning d3d_display: 00FE76C8
d3d      D         d3d_disp.cpp:1749 d3d_create_display_locked        [   0.09900] al_display=00FE76C8
d3d      D         d3d_disp.cpp:1750 d3d_create_display_locked        [   0.09902] al_display->vt=00FB9630
font     D                ttf.c:792  al_load_ttf_font_stretch_f       [   0.10257] Font Resources/font.ttf loaded with pixel size 0 x 60.
font     D                ttf.c:794  al_load_ttf_font_stretch_f       [   0.10260]     ascent=57.0, descent=5.0, height=60.0
dtor     D               dtor.c:184  _al_register_destructor          [   0.10263] added dtor for object 0108DC30, func 0F1D1B3B
font     D                ttf.c:792  al_load_ttf_font_stretch_f       [   0.10289] Font Resources/font.ttf loaded with pixel size 0 x 48.
font     D                ttf.c:794  al_load_ttf_font_stretch_f       [   0.10291]     ascent=45.0, descent=4.0, height=48.0
dtor     D               dtor.c:184  _al_register_destructor          [   0.10294] added dtor for object 037B51D8, func 0F1D1B3B
font     D                ttf.c:792  al_load_ttf_font_stretch_f       [   0.10318] Font Resources/font.ttf loaded with pixel size 0 x 12.
font     D                ttf.c:794  al_load_ttf_font_stretch_f       [   0.10320]     ascent=12.0, descent=1.0, height=12.0
dtor     D               dtor.c:184  _al_register_destructor          [   0.10323] added dtor for object 037B52F0, func 0F1D1B3B
dtor     D               dtor.c:184  _al_register_destructor          [   0.10325] added dtor for object 037B49F0, func 0F1D27A7
dtor     D               dtor.c:184  _al_register_destructor          [   0.10327] added dtor for object 037BB2C0, func 0F1D24D2
d3d      D         d3d_disp.cpp:1166 real_choose_bitmap_format        [   0.13882] Fake format
d3d      D         d3d_disp.cpp:1166 real_choose_bitmap_format        [   0.13884] Fake format
d3d      D         d3d_disp.cpp:1166 real_choose_bitmap_format        [   0.13885] Fake format
d3d      D         d3d_disp.cpp:1166 real_choose_bitmap_format        [   0.13886] Fake format
d3d      D         d3d_disp.cpp:1166 real_choose_bitmap_format        [   0.13886] Fake format
d3d      D         d3d_disp.cpp:1166 real_choose_bitmap_format        [   0.13887] Fake format
d3d      D         d3d_disp.cpp:1166 real_choose_bitmap_format        [   0.13888] Fake format
d3d      D         d3d_disp.cpp:1166 real_choose_bitmap_format        [   0.13889] Fake format
d3d      D         d3d_disp.cpp:1166 real_choose_bitmap_format        [   0.13889] Fake format
d3d      D         d3d_disp.cpp:1174 real_choose_bitmap_format        [   0.13890] Alpha doesn't match
d3d      D         d3d_disp.cpp:1181 real_choose_bitmap_format        [   0.13891] Adapter format is 23
d3d      D         d3d_disp.cpp:1184 real_choose_bitmap_format        [   0.13892] Found a format
d3d      I         d3d_disp.cpp:2283 _al_d3d_create_bitmap            [   0.13893] Chose bitmap format 9
font     D                ttf.c:217  alloc_glyph_region               [   0.13999] Glyph 15: 28x44 (28x44)
d3d      D          d3d_bmp.cpp:467  _al_d3d_sync_bitmap              [   0.14231] _al_d3d_sync_bitmap (system) ref count == 1
d3d      D          d3d_bmp.cpp:473  _al_d3d_sync_bitmap              [   0.14251] _al_d3d_sync_bitmap (video) ref count == 2
font     D                ttf.c:406  cache_glyph                      [   0.14478] Glyph 3 has zero size.
font     D                ttf.c:217  alloc_glyph_region               [   0.14567] Glyph 54: 28x43 (28x44)
d3d      D          d3d_bmp.cpp:467  _al_d3d_sync_bitmap              [   0.14569] _al_d3d_sync_bitmap (system) ref count == 1
d3d      D          d3d_bmp.cpp:473  _al_d3d_sync_bitmap              [   0.14570] _al_d3d_sync_bitmap (video) ref count == 2
font     D                ttf.c:217  alloc_glyph_region               [   0.14909] Glyph 40: 33x43 (36x44)
d3d      D          d3d_bmp.cpp:467  _al_d3d_sync_bitmap              [   0.14919] _al_d3d_sync_bitmap (system) ref count == 1
d3d      D          d3d_bmp.cpp:473  _al_d3d_sync_bitmap              [   0.14920] _al_d3d_sync_bitmap (video) ref count == 2
font     D                ttf.c:217  alloc_glyph_region               [   0.15085] Glyph 43: 26x43 (28x44)
d3d      D          d3d_bmp.cpp:467  _al_d3d_sync_bitmap              [   0.15099] _al_d3d_sync_bitmap (system) ref count == 1
d3d      D          d3d_bmp.cpp:473  _al_d3d_sync_bitmap              [   0.15100] _al_d3d_sync_bitmap (video) ref count == 2
font     D                ttf.c:217  alloc_glyph_region               [   0.15280] Glyph 21: 30x44 (32x44)
d3d      D          d3d_bmp.cpp:467  _al_d3d_sync_bitmap              [   0.15294] _al_d3d_sync_bitmap (system) ref count == 1
d3d      D          d3d_bmp.cpp:473  _al_d3d_sync_bitmap              [   0.15295] _al_d3d_sync_bitmap (video) ref count == 2
font     D                ttf.c:217  alloc_glyph_region               [   0.15479] Glyph 60: 28x41 (28x44)
d3d      D          d3d_bmp.cpp:467  _al_d3d_sync_bitmap              [   0.15493] _al_d3d_sync_bitmap (system) ref count == 1
d3d      D          d3d_bmp.cpp:473  _al_d3d_sync_bitmap              [   0.15495] _al_d3d_sync_bitmap (video) ref count == 2
font     D                ttf.c:217  alloc_glyph_region               [   0.15676] Glyph 53: 30x42 (32x44)
d3d      D          d3d_bmp.cpp:467  _al_d3d_sync_bitmap              [   0.15743] _al_d3d_sync_bitmap (system) ref count == 1
d3d      D          d3d_bmp.cpp:473  _al_d3d_sync_bitmap              [   0.15754] _al_d3d_sync_bitmap (video) ref count == 2
font     D                ttf.c:217  alloc_glyph_region               [   0.15928] Glyph 44: 23x42 (24x44)
d3d      D          d3d_bmp.cpp:467  _al_d3d_sync_bitmap              [   0.15976] _al_d3d_sync_bitmap (system) ref count == 1
d3d      D          d3d_bmp.cpp:473  _al_d3d_sync_bitmap              [   0.15978] _al_d3d_sync_bitmap (video) ref count == 2
font     D                ttf.c:217  alloc_glyph_region               [   0.16178] Glyph 57: 29x42 (32x44)
d3d      D          d3d_bmp.cpp:467  _al_d3d_sync_bitmap              [   0.16190] _al_d3d_sync_bitmap (system) ref count == 1
d3d      D          d3d_bmp.cpp:473  _al_d3d_sync_bitmap              [   0.16192] _al_d3d_sync_bitmap (video) ref count == 2
d3d      D         d3d_disp.cpp:1166 real_choose_bitmap_format        [   0.16564] Fake format
d3d      D         d3d_disp.cpp:1166 real_choose_bitmap_format        [   0.16566] Fake format
d3d      D         d3d_disp.cpp:1166 real_choose_bitmap_format        [   0.16566] Fake format
d3d      D         d3d_disp.cpp:1166 real_choose_bitmap_format        [   0.16567] Fake format
d3d      D         d3d_disp.cpp:1166 real_choose_bitmap_format        [   0.16568] Fake format
d3d      D         d3d_disp.cpp:1166 real_choose_bitmap_format        [   0.16569] Fake format
d3d      D         d3d_disp.cpp:1166 real_choose_bitmap_format        [   0.16569] Fake format
d3d      D         d3d_disp.cpp:1166 real_choose_bitmap_format        [   0.16570] Fake format
d3d      D         d3d_disp.cpp:1166 real_choose_bitmap_format        [   0.16571] Fake format
d3d      D         d3d_disp.cpp:1174 real_choose_bitmap_format        [   0.16572] Alpha doesn't match
d3d      D         d3d_disp.cpp:1181 real_choose_bitmap_format        [   0.16572] Adapter format is 23
d3d      D         d3d_disp.cpp:1184 real_choose_bitmap_format        [   0.16573] Found a format
d3d      I         d3d_disp.cpp:2283 _al_d3d_create_bitmap            [   0.16574] Chose bitmap format 9
font     D                ttf.c:217  alloc_glyph_region               [   0.16620] Glyph 55: 24x33 (24x36)
d3d      D          d3d_bmp.cpp:467  _al_d3d_sync_bitmap              [   0.16628] _al_d3d_sync_bitmap (system) ref count == 1
d3d      D          d3d_bmp.cpp:473  _al_d3d_sync_bitmap              [   0.16629] _al_d3d_sync_bitmap (video) ref count == 2
font     D                ttf.c:217  alloc_glyph_region               [   0.16823] Glyph 57: 24x35 (24x36)
d3d      D          d3d_bmp.cpp:467  _al_d3d_sync_bitmap              [   0.16888] _al_d3d_sync_bitmap (system) ref count == 1
d3d      D          d3d_bmp.cpp:473  _al_d3d_sync_bitmap              [   0.16892] _al_d3d_sync_bitmap (video) ref count == 2
font     D                ttf.c:217  alloc_glyph_region               [   0.17057] Glyph 44: 20x34 (20x36)
d3d      D          d3d_bmp.cpp:467  _al_d3d_sync_bitmap              [   0.17070] _al_d3d_sync_bitmap (system) ref count == 1
d3d      D          d3d_bmp.cpp:473  _al_d3d_sync_bitmap              [   0.17072] _al_d3d_sync_bitmap (video) ref count == 2
font     D                ttf.c:217  alloc_glyph_region               [   0.17252] Glyph 58: 22x36 (24x36)
d3d      D          d3d_bmp.cpp:467  _al_d3d_sync_bitmap              [   0.17265] _al_d3d_sync_bitmap (system) ref count == 1
d3d      D          d3d_bmp.cpp:473  _al_d3d_sync_bitmap              [   0.17267] _al_d3d_sync_bitmap (video) ref count == 2
font     D                ttf.c:406  cache_glyph                      [   0.17379] Glyph 3 has zero size.
font     D                ttf.c:217  alloc_glyph_region               [   0.17494] Glyph 40: 28x35 (28x36)
d3d      D          d3d_bmp.cpp:467  _al_d3d_sync_bitmap              [   0.17512] _al_d3d_sync_bitmap (system) ref count == 1
d3d      D          d3d_bmp.cpp:473  _al_d3d_sync_bitmap              [   0.17513] _al_d3d_sync_bitmap (video) ref count == 2
font     D                ttf.c:217  alloc_glyph_region               [   0.17654] Glyph 42: 22x36 (24x36)
d3d      D          d3d_bmp.cpp:467  _al_d3d_sync_bitmap              [   0.17667] _al_d3d_sync_bitmap (system) ref count == 1
d3d      D          d3d_bmp.cpp:473  _al_d3d_sync_bitmap              [   0.17669] _al_d3d_sync_bitmap (video) ref count == 2
font     D                ttf.c:217  alloc_glyph_region               [   0.17815] Glyph 59: 20x33 (20x36)
d3d      D          d3d_bmp.cpp:467  _al_d3d_sync_bitmap              [   0.17827] _al_d3d_sync_bitmap (system) ref count == 1
d3d      D          d3d_bmp.cpp:473  _al_d3d_sync_bitmap              [   0.17829] _al_d3d_sync_bitmap (video) ref count == 2
font     D                ttf.c:217  alloc_glyph_region               [   0.17996] Glyph 54: 23x36 (24x36)
d3d      D          d3d_bmp.cpp:467  _al_d3d_sync_bitmap              [   0.18006] _al_d3d_sync_bitmap (system) ref count == 1
d3d      D          d3d_bmp.cpp:473  _al_d3d_sync_bitmap              [   0.18007] _al_d3d_sync_bitmap (video) ref count == 2
font     D                ttf.c:217  alloc_glyph_region               [   0.18140] Glyph 51: 21x33 (24x36)
d3d      D          d3d_bmp.cpp:467  _al_d3d_sync_bitmap              [   0.18153] _al_d3d_sync_bitmap (system) ref count == 1
d3d      D          d3d_bmp.cpp:473  _al_d3d_sync_bitmap              [   0.18155] _al_d3d_sync_bitmap (video) ref count == 2
font     D                ttf.c:217  alloc_glyph_region               [   0.18328] Glyph 64: 27x34 (28x36)
d3d      D          d3d_bmp.cpp:467  _al_d3d_sync_bitmap              [   0.18341] _al_d3d_sync_bitmap (system) ref count == 1
d3d      D          d3d_bmp.cpp:473  _al_d3d_sync_bitmap              [   0.18343] _al_d3d_sync_bitmap (video) ref count == 2
font     D                ttf.c:217  alloc_glyph_region               [   0.18500] Glyph 53: 25x34 (28x36)
d3d      D          d3d_bmp.cpp:467  _al_d3d_sync_bitmap              [   0.18511] _al_d3d_sync_bitmap (system) ref count == 1
d3d      D          d3d_bmp.cpp:473  _al_d3d_sync_bitmap              [   0.18512] _al_d3d_sync_bitmap (video) ref count == 2
font     D                ttf.c:217  alloc_glyph_region               [   0.18684] Glyph 43: 22x35 (24x36)
d3d      D          d3d_bmp.cpp:467  _al_d3d_sync_bitmap              [   0.18693] _al_d3d_sync_bitmap (system) ref count == 1
d3d      D          d3d_bmp.cpp:473  _al_d3d_sync_bitmap              [   0.18694] _al_d3d_sync_bitmap (video) ref count == 2
font     D                ttf.c:217  alloc_glyph_region               [   0.18819] Glyph 63: 30x34 (32x36)
d3d      D          d3d_bmp.cpp:467  _al_d3d_sync_bitmap              [   0.18831] _al_d3d_sync_bitmap (system) ref count == 1
d3d      D          d3d_bmp.cpp:473  _al_d3d_sync_bitmap              [   0.18833] _al_d3d_sync_bitmap (video) ref count == 2
font     D                ttf.c:217  alloc_glyph_region               [   0.18954] Glyph 48: 10x33 (12x36)
d3d      D          d3d_bmp.cpp:467  _al_d3d_sync_bitmap              [   0.18967] _al_d3d_sync_bitmap (system) ref count == 1
d3d      D          d3d_bmp.cpp:473  _al_d3d_sync_bitmap              [   0.18970] _al_d3d_sync_bitmap (video) ref count == 2
d3d      D          d3d_bmp.cpp:467  _al_d3d_sync_bitmap              [   0.19585] _al_d3d_sync_bitmap (system) ref count == 1
d3d      D          d3d_bmp.cpp:473  _al_d3d_sync_bitmap              [   0.19589] _al_d3d_sync_bitmap (video) ref count == 2
d3d      D          d3d_bmp.cpp:467  _al_d3d_sync_bitmap              [   0.19833] _al_d3d_sync_bitmap (system) ref count == 1
d3d      D          d3d_bmp.cpp:473  _al_d3d_sync_bitmap              [   0.19838] _al_d3d_sync_bitmap (video) ref count == 2
d3d      D         d3d_disp.cpp:1166 real_choose_bitmap_format        [   0.85615] Fake format
d3d      D         d3d_disp.cpp:1166 real_choose_bitmap_format        [   0.85622] Fake format
d3d      D         d3d_disp.cpp:1166 real_choose_bitmap_format        [   0.85627] Fake format
d3d      D         d3d_disp.cpp:1166 real_choose_bitmap_format        [   0.85630] Fake format
d3d      D         d3d_disp.cpp:1166 real_choose_bitmap_format        [   0.85634] Fake format
d3d      D         d3d_disp.cpp:1166 real_choose_bitmap_format        [   0.85638] Fake format
d3d      D         d3d_disp.cpp:1166 real_choose_bitmap_format        [   0.85641] Fake format
d3d      D         d3d_disp.cpp:1166 real_choose_bitmap_format        [   0.85645] Fake format
d3d      D         d3d_disp.cpp:1166 real_choose_bitmap_format        [   0.85649] Fake format
d3d      D         d3d_disp.cpp:1174 real_choose_bitmap_format        [   0.85653] Alpha doesn't match
d3d      D         d3d_disp.cpp:1181 real_choose_bitmap_format        [   0.85657] Adapter format is 23
d3d      D         d3d_disp.cpp:1184 real_choose_bitmap_format        [   0.85661] Found a format
d3d      I         d3d_disp.cpp:2283 _al_d3d_create_bitmap            [   0.85665] Chose bitmap format 9
dtor     D               dtor.c:184  _al_register_destructor          [   0.85787] added dtor for object 037D0518, func 0F1D2595
d3d      D          d3d_bmp.cpp:467  _al_d3d_sync_bitmap              [   0.85966] _al_d3d_sync_bitmap (system) ref count == 1
d3d      D          d3d_bmp.cpp:473  _al_d3d_sync_bitmap              [   0.85985] _al_d3d_sync_bitmap (video) ref count == 1
d3d      D         d3d_disp.cpp:1166 real_choose_bitmap_format        [   0.86233] Fake format
d3d      D         d3d_disp.cpp:1166 real_choose_bitmap_format        [   0.86239] Fake format
d3d      D         d3d_disp.cpp:1166 real_choose_bitmap_format        [   0.86243] Fake format
d3d      D         d3d_disp.cpp:1166 real_choose_bitmap_format        [   0.86251] Fake format
d3d      D         d3d_disp.cpp:1166 real_choose_bitmap_format        [   0.86255] Fake format
d3d      D         d3d_disp.cpp:1166 real_choose_bitmap_format        [   0.86259] Fake format
d3d      D         d3d_disp.cpp:1166 real_choose_bitmap_format        [   0.86263] Fake format
d3d      D         d3d_disp.cpp:1166 real_choose_bitmap_format        [   0.86266] Fake format
d3d      D         d3d_disp.cpp:1166 real_choose_bitmap_format        [   0.86269] Fake format
d3d      D         d3d_disp.cpp:1174 real_choose_bitmap_format        [   0.86273] Alpha doesn't match
d3d      D         d3d_disp.cpp:1181 real_choose_bitmap_format        [   0.86276] Adapter format is 23
d3d      D         d3d_disp.cpp:1184 real_choose_bitmap_format        [   0.86284] Found a format
d3d      I         d3d_disp.cpp:2283 _al_d3d_create_bitmap            [   0.86288] Chose bitmap format 9
dtor     D               dtor.c:184  _al_register_destructor          [   0.86392] added dtor for object 037CEB18, func 0F1D2595
d3d      D          d3d_bmp.cpp:467  _al_d3d_sync_bitmap              [   0.86565] _al_d3d_sync_bitmap (system) ref count == 1
d3d      D          d3d_bmp.cpp:473  _al_d3d_sync_bitmap              [   0.86572] _al_d3d_sync_bitmap (video) ref count == 1
d3d      D          d3d_bmp.cpp:467  _al_d3d_sync_bitmap              [   0.86884] _al_d3d_sync_bitmap (system) ref count == 1
d3d      D          d3d_bmp.cpp:473  _al_d3d_sync_bitmap              [   0.86891] _al_d3d_sync_bitmap (video) ref count == 1
d3d      D         d3d_disp.cpp:1166 real_choose_bitmap_format        [   0.87781] Fake format
d3d      D         d3d_disp.cpp:1166 real_choose_bitmap_format        [   0.87784] Fake format
d3d      D         d3d_disp.cpp:1166 real_choose_bitmap_format        [   0.87786] Fake format
d3d      D         d3d_disp.cpp:1166 real_choose_bitmap_format        [   0.87788] Fake format
d3d      D         d3d_disp.cpp:1166 real_choose_bitmap_format        [   0.87790] Fake format
d3d      D         d3d_disp.cpp:1166 real_choose_bitmap_format        [   0.87792] Fake format
d3d      D         d3d_disp.cpp:1166 real_choose_bitmap_format        [   0.87794] Fake format
d3d      D         d3d_disp.cpp:1166 real_choose_bitmap_format        [   0.87795] Fake format
d3d      D         d3d_disp.cpp:1166 real_choose_bitmap_format        [   0.87797] Fake format
d3d      D         d3d_disp.cpp:1174 real_choose_bitmap_format        [   0.87799] Alpha doesn't match
d3d      D         d3d_disp.cpp:1181 real_choose_bitmap_format        [   0.87800] Adapter format is 23
d3d      D         d3d_disp.cpp:1184 real_choose_bitmap_format        [   0.87803] Found a format
d3d      I         d3d_disp.cpp:2283 _al_d3d_create_bitmap            [   0.87805] Chose bitmap format 9
dtor     D               dtor.c:184  _al_register_destructor          [   0.87870] added dtor for object 037CF618, func 0F1D2595
d3d      D          d3d_bmp.cpp:467  _al_d3d_sync_bitmap              [   0.87984] _al_d3d_sync_bitmap (system) ref count == 1
d3d      D          d3d_bmp.cpp:473  _al_d3d_sync_bitmap              [   0.87989] _al_d3d_sync_bitmap (video) ref count == 1
d3d      D          d3d_bmp.cpp:467  _al_d3d_sync_bitmap              [   0.88209] _al_d3d_sync_bitmap (system) ref count == 1
d3d      D          d3d_bmp.cpp:473  _al_d3d_sync_bitmap              [   0.88213] _al_d3d_sync_bitmap (video) ref count == 1
d3d      D         d3d_disp.cpp:1166 real_choose_bitmap_format        [   0.88670] Fake format
d3d      D         d3d_disp.cpp:1166 real_choose_bitmap_format        [   0.88674] Fake format
d3d      D         d3d_disp.cpp:1166 real_choose_bitmap_format        [   0.88676] Fake format
d3d      D         d3d_disp.cpp:1166 real_choose_bitmap_format        [   0.88677] Fake format
d3d      D         d3d_disp.cpp:1166 real_choose_bitmap_format        [   0.88679] Fake format
d3d      D         d3d_disp.cpp:1166 real_choose_bitmap_format        [   0.88681] Fake format
d3d      D         d3d_disp.cpp:1166 real_choose_bitmap_format        [   0.88683] Fake format
d3d      D         d3d_disp.cpp:1166 real_choose_bitmap_format        [   0.88685] Fake format
d3d      D         d3d_disp.cpp:1166 real_choose_bitmap_format        [   0.88686] Fake format
d3d      D         d3d_disp.cpp:1174 real_choose_bitmap_format        [   0.88688] Alpha doesn't match
d3d      D         d3d_disp.cpp:1181 real_choose_bitmap_format        [   0.88690] Adapter format is 23
d3d      D         d3d_disp.cpp:1184 real_choose_bitmap_format        [   0.88692] Found a format
d3d      I         d3d_disp.cpp:2283 _al_d3d_create_bitmap            [   0.88694] Chose bitmap format 9
dtor     D               dtor.c:184  _al_register_destructor          [   0.88747] added dtor for object 037D0418, func 0F1D2595
d3d      D          d3d_bmp.cpp:467  _al_d3d_sync_bitmap              [   0.88770] _al_d3d_sync_bitmap (system) ref count == 1
d3d      D          d3d_bmp.cpp:473  _al_d3d_sync_bitmap              [   0.88774] _al_d3d_sync_bitmap (video) ref count == 1
font     D                ttf.c:217  alloc_glyph_region               [   0.98652] Glyph 21: 25x36 (28x36)
d3d      D          d3d_bmp.cpp:467  _al_d3d_sync_bitmap              [   0.98655] _al_d3d_sync_bitmap (system) ref count == 1
d3d      D          d3d_bmp.cpp:473  _al_d3d_sync_bitmap              [   0.98656] _al_d3d_sync_bitmap (video) ref count == 2
font     D                ttf.c:217  alloc_glyph_region               [   0.98913] Glyph 8: 20x36 (20x36)
d3d      D          d3d_bmp.cpp:467  _al_d3d_sync_bitmap              [   0.98926] _al_d3d_sync_bitmap (system) ref count == 1
d3d      D          d3d_bmp.cpp:473  _al_d3d_sync_bitmap              [   0.98928] _al_d3d_sync_bitmap (video) ref count == 2
font     D                ttf.c:217  alloc_glyph_region               [   0.99157] Glyph 16: 31x36 (32x36)
d3d      D          d3d_bmp.cpp:467  _al_d3d_sync_bitmap              [   0.99171] _al_d3d_sync_bitmap (system) ref count == 1
d3d      D          d3d_bmp.cpp:473  _al_d3d_sync_bitmap              [   0.99179] _al_d3d_sync_bitmap (video) ref count == 2
font     D                ttf.c:217  alloc_glyph_region               [   0.99344] Glyph 4: 31x39 (32x40)
d3d      D          d3d_bmp.cpp:467  _al_d3d_sync_bitmap              [   0.99357] _al_d3d_sync_bitmap (system) ref count == 1
d3d      D          d3d_bmp.cpp:473  _al_d3d_sync_bitmap              [   0.99358] _al_d3d_sync_bitmap (video) ref count == 2
font     D                ttf.c:217  alloc_glyph_region               [   0.99476] Glyph 12: 10x36 (12x36)
d3d      D          d3d_bmp.cpp:467  _al_d3d_sync_bitmap              [   0.99490] _al_d3d_sync_bitmap (system) ref count == 1
d3d      D          d3d_bmp.cpp:473  _al_d3d_sync_bitmap              [   0.99491] _al_d3d_sync_bitmap (video) ref count == 2
font     D                ttf.c:217  alloc_glyph_region               [   0.99666] Glyph 17: 27x38 (28x40)
d3d      D          d3d_bmp.cpp:467  _al_d3d_sync_bitmap              [   0.99677] _al_d3d_sync_bitmap (system) ref count == 1
d3d      D          d3d_bmp.cpp:473  _al_d3d_sync_bitmap              [   0.99679] _al_d3d_sync_bitmap (video) ref count == 2
font     D                ttf.c:217  alloc_glyph_region               [   0.99823] Glyph 10: 23x39 (24x40)
d3d      D          d3d_bmp.cpp:467  _al_d3d_sync_bitmap              [   0.99832] _al_d3d_sync_bitmap (system) ref count == 1
d3d      D          d3d_bmp.cpp:473  _al_d3d_sync_bitmap              [   0.99833] _al_d3d_sync_bitmap (video) ref count == 2
font     D                ttf.c:217  alloc_glyph_region               [   0.99972] Glyph 23: 22x36 (24x36)
d3d      D          d3d_bmp.cpp:467  _al_d3d_sync_bitmap              [   0.99982] _al_d3d_sync_bitmap (system) ref count == 1
d3d      D          d3d_bmp.cpp:473  _al_d3d_sync_bitmap              [   0.99983] _al_d3d_sync_bitmap (video) ref count == 2
font     D                ttf.c:217  alloc_glyph_region               [   1.00161] Glyph 22: 24x38 (24x40)
d3d      D          d3d_bmp.cpp:467  _al_d3d_sync_bitmap              [   1.00173] _al_d3d_sync_bitmap (system) ref count == 1
d3d      D          d3d_bmp.cpp:473  _al_d3d_sync_bitmap              [   1.00175] _al_d3d_sync_bitmap (video) ref count == 2
font     D                ttf.c:217  alloc_glyph_region               [   1.00328] Glyph 24: 26x37 (28x40)
d3d      D          d3d_bmp.cpp:467  _al_d3d_sync_bitmap              [   1.00339] _al_d3d_sync_bitmap (system) ref count == 1
d3d      D          d3d_bmp.cpp:473  _al_d3d_sync_bitmap              [   1.00341] _al_d3d_sync_bitmap (video) ref count == 2
font     D                ttf.c:217  alloc_glyph_region               [   1.00457] Glyph 30: 13x36 (16x36)
d3d      D          d3d_bmp.cpp:467  _al_d3d_sync_bitmap              [   1.00467] _al_d3d_sync_bitmap (system) ref count == 1
d3d      D          d3d_bmp.cpp:473  _al_d3d_sync_bitmap              [   1.00469] _al_d3d_sync_bitmap (video) ref count == 2
font     D                ttf.c:217  alloc_glyph_region               [   1.00778] Glyph 39: 23x41 (24x44)
d3d      D          d3d_bmp.cpp:467  _al_d3d_sync_bitmap              [   1.00801] _al_d3d_sync_bitmap (system) ref count == 1
d3d      D          d3d_bmp.cpp:473  _al_d3d_sync_bitmap              [   1.00803] _al_d3d_sync_bitmap (video) ref count == 2
d3d      D          d3d_bmp.cpp:467  _al_d3d_sync_bitmap              [   1.00954] _al_d3d_sync_bitmap (system) ref count == 1
d3d      D          d3d_bmp.cpp:473  _al_d3d_sync_bitmap              [   1.00960] _al_d3d_sync_bitmap (video) ref count == 2
d3d      D          d3d_bmp.cpp:467  _al_d3d_sync_bitmap              [   1.01048] _al_d3d_sync_bitmap (system) ref count == 1
d3d      D          d3d_bmp.cpp:473  _al_d3d_sync_bitmap              [   1.01052] _al_d3d_sync_bitmap (video) ref count == 1
d3d      D          d3d_bmp.cpp:467  _al_d3d_sync_bitmap              [   1.01113] _al_d3d_sync_bitmap (system) ref count == 1
d3d      D          d3d_bmp.cpp:473  _al_d3d_sync_bitmap              [   1.01117] _al_d3d_sync_bitmap (video) ref count == 2
d3d      D          d3d_bmp.cpp:467  _al_d3d_sync_bitmap              [   1.01181] _al_d3d_sync_bitmap (system) ref count == 1
d3d      D          d3d_bmp.cpp:473  _al_d3d_sync_bitmap              [   1.01185] _al_d3d_sync_bitmap (video) ref count == 2
d3d      D          d3d_bmp.cpp:467  _al_d3d_sync_bitmap              [   1.01215] _al_d3d_sync_bitmap (system) ref count == 1
d3d      D          d3d_bmp.cpp:473  _al_d3d_sync_bitmap              [   1.01222] _al_d3d_sync_bitmap (video) ref count == 1
font     D                ttf.c:217  alloc_glyph_region               [   1.68091] Glyph 37: 24x40 (24x40)
d3d      D          d3d_bmp.cpp:467  _al_d3d_sync_bitmap              [   1.68102] _al_d3d_sync_bitmap (system) ref count == 1
d3d      D          d3d_bmp.cpp:473  _al_d3d_sync_bitmap              [   1.68106] _al_d3d_sync_bitmap (video) ref count == 2
d3d      D          d3d_bmp.cpp:467  _al_d3d_sync_bitmap              [   1.68344] _al_d3d_sync_bitmap (system) ref count == 1
d3d      D          d3d_bmp.cpp:473  _al_d3d_sync_bitmap              [   1.68354] _al_d3d_sync_bitmap (video) ref count == 2
dtor     D               dtor.c:214  _al_unregister_destructor        [   4.53725] removed dtor for object 037CEB18
d3d      W          d3d_bmp.cpp:743  d3d_destroy_bitmap               [   4.53733] d3d_destroy_bitmap: Release video texture failed.
dtor     D               dtor.c:214  _al_unregister_destructor        [   4.53743] removed dtor for object 037CF618
d3d      W          d3d_bmp.cpp:743  d3d_destroy_bitmap               [   4.53748] d3d_destroy_bitmap: Release video texture failed.
dtor     D               dtor.c:214  _al_unregister_destructor        [   4.53778] removed dtor for object 037D0518
dtor     D               dtor.c:214  _al_unregister_destructor        [   4.53784] removed dtor for object 037D0418
font     D                ttf.c:217  alloc_glyph_region               [   4.61754] Glyph 10: 28x47 (28x48)
d3d      D          d3d_bmp.cpp:467  _al_d3d_sync_bitmap              [   4.61758] _al_d3d_sync_bitmap (system) ref count == 1
d3d      D          d3d_bmp.cpp:473  _al_d3d_sync_bitmap              [   4.61759] _al_d3d_sync_bitmap (video) ref count == 2
font     D                ttf.c:217  alloc_glyph_region               [   4.62017] Glyph 4: 37x48 (40x48)
d3d      D          d3d_bmp.cpp:467  _al_d3d_sync_bitmap              [   4.62031] _al_d3d_sync_bitmap (system) ref count == 1
d3d      D          d3d_bmp.cpp:473  _al_d3d_sync_bitmap              [   4.62033] _al_d3d_sync_bitmap (video) ref count == 2
font     D                ttf.c:217  alloc_glyph_region               [   4.62322] Glyph 16: 38x44 (40x44)
d3d      D          d3d_bmp.cpp:467  _al_d3d_sync_bitmap              [   4.62397] _al_d3d_sync_bitmap (system) ref count == 1
d3d      D          d3d_bmp.cpp:473  _al_d3d_sync_bitmap              [   4.62402] _al_d3d_sync_bitmap (video) ref count == 2
font     D                ttf.c:217  alloc_glyph_region               [   4.62625] Glyph 8: 24x45 (24x48)
d3d      D          d3d_bmp.cpp:467  _al_d3d_sync_bitmap              [   4.62635] _al_d3d_sync_bitmap (system) ref count == 1
d3d      D          d3d_bmp.cpp:473  _al_d3d_sync_bitmap              [   4.62636] _al_d3d_sync_bitmap (video) ref count == 2
font     D                ttf.c:217  alloc_glyph_region               [   4.62851] Glyph 18: 31x48 (32x48)
d3d      D          d3d_bmp.cpp:467  _al_d3d_sync_bitmap              [   4.62863] _al_d3d_sync_bitmap (system) ref count == 1
d3d      D          d3d_bmp.cpp:473  _al_d3d_sync_bitmap              [   4.62864] _al_d3d_sync_bitmap (video) ref count == 2
font     D                ttf.c:217  alloc_glyph_region               [   4.63066] Glyph 25: 37x47 (40x48)
d3d      D          d3d_bmp.cpp:467  _al_d3d_sync_bitmap              [   4.63078] _al_d3d_sync_bitmap (system) ref count == 1
d3d      D          d3d_bmp.cpp:473  _al_d3d_sync_bitmap              [   4.63079] _al_d3d_sync_bitmap (video) ref count == 2
font     D                ttf.c:217  alloc_glyph_region               [   4.63325] Glyph 0: 24x51 (24x52)
d3d      D          d3d_bmp.cpp:467  _al_d3d_sync_bitmap              [   4.63345] _al_d3d_sync_bitmap (system) ref count == 1
d3d      D          d3d_bmp.cpp:473  _al_d3d_sync_bitmap              [   4.63348] _al_d3d_sync_bitmap (video) ref count == 2
font     D                ttf.c:217  alloc_glyph_region               [   4.63560] Glyph 46: 22x36 (24x36)
d3d      D          d3d_bmp.cpp:467  _al_d3d_sync_bitmap              [   4.63564] _al_d3d_sync_bitmap (system) ref count == 1
d3d      D          d3d_bmp.cpp:473  _al_d3d_sync_bitmap              [   4.63565] _al_d3d_sync_bitmap (video) ref count == 2
d3d      D          d3d_bmp.cpp:467  _al_d3d_sync_bitmap              [   4.63778] _al_d3d_sync_bitmap (system) ref count == 1
d3d      D          d3d_bmp.cpp:473  _al_d3d_sync_bitmap              [   4.63782] _al_d3d_sync_bitmap (video) ref count == 2
d3d      D          d3d_bmp.cpp:467  _al_d3d_sync_bitmap              [   4.63957] _al_d3d_sync_bitmap (system) ref count == 1
d3d      D          d3d_bmp.cpp:473  _al_d3d_sync_bitmap              [   4.63971] _al_d3d_sync_bitmap (video) ref count == 2
d3d      D         d3d_disp.cpp:1166 real_choose_bitmap_format        [   6.54488] Fake format
d3d      D         d3d_disp.cpp:1166 real_choose_bitmap_format        [   6.54495] Fake format
d3d      D         d3d_disp.cpp:1166 real_choose_bitmap_format        [   6.54499] Fake format
d3d      D         d3d_disp.cpp:1166 real_choose_bitmap_format        [   6.54502] Fake format
d3d      D         d3d_disp.cpp:1166 real_choose_bitmap_format        [   6.54505] Fake format
d3d      D         d3d_disp.cpp:1166 real_choose_bitmap_format        [   6.54508] Fake format
d3d      D         d3d_disp.cpp:1166 real_choose_bitmap_format        [   6.54511] Fake format
d3d      D         d3d_disp.cpp:1166 real_choose_bitmap_format        [   6.54514] Fake format
d3d      D         d3d_disp.cpp:1166 real_choose_bitmap_format        [   6.54517] Fake format
d3d      D         d3d_disp.cpp:1174 real_choose_bitmap_format        [   6.54520] Alpha doesn't match
d3d      D         d3d_disp.cpp:1181 real_choose_bitmap_format        [   6.54524] Adapter format is 23
d3d      D         d3d_disp.cpp:1184 real_choose_bitmap_format        [   6.54527] Found a format
d3d      I         d3d_disp.cpp:2283 _al_d3d_create_bitmap            [   6.54531] Chose bitmap format 9
dtor     D               dtor.c:184  _al_register_destructor          [   6.54554] added dtor for object 037CEB18, func 0F1D2595
d3d      D          d3d_bmp.cpp:467  _al_d3d_sync_bitmap              [   6.54600] _al_d3d_sync_bitmap (system) ref count == 1
d3d      D          d3d_bmp.cpp:473  _al_d3d_sync_bitmap              [   6.54605] _al_d3d_sync_bitmap (video) ref count == 1
d3d      D         d3d_disp.cpp:1166 real_choose_bitmap_format        [   6.54757] Fake format
d3d      D         d3d_disp.cpp:1166 real_choose_bitmap_format        [   6.54762] Fake format
d3d      D         d3d_disp.cpp:1166 real_choose_bitmap_format        [   6.54765] Fake format
d3d      D         d3d_disp.cpp:1166 real_choose_bitmap_format        [   6.54768] Fake format
d3d      D         d3d_disp.cpp:1166 real_choose_bitmap_format        [   6.54771] Fake format
d3d      D         d3d_disp.cpp:1166 real_choose_bitmap_format        [   6.54774] Fake format
d3d      D         d3d_disp.cpp:1166 real_choose_bitmap_format        [   6.54777] Fake format
d3d      D         d3d_disp.cpp:1166 real_choose_bitmap_format        [   6.54781] Fake format
d3d      D         d3d_disp.cpp:1166 real_choose_bitmap_format        [   6.54784] Fake format
d3d      D         d3d_disp.cpp:1174 real_choose_bitmap_format        [   6.54787] Alpha doesn't match
d3d      D         d3d_disp.cpp:1181 real_choose_bitmap_format        [   6.54790] Adapter format is 23
d3d      D         d3d_disp.cpp:1184 real_choose_bitmap_format        [   6.54793] Found a format
d3d      I         d3d_disp.cpp:2283 _al_d3d_create_bitmap            [   6.54797] Chose bitmap format 9
dtor     D               dtor.c:184  _al_register_destructor          [   6.54834] added dtor for object 037CEF18, func 0F1D2595
d3d      D          d3d_bmp.cpp:467  _al_d3d_sync_bitmap              [   6.54958] _al_d3d_sync_bitmap (system) ref count == 1
d3d      D          d3d_bmp.cpp:473  _al_d3d_sync_bitmap              [   6.54963] _al_d3d_sync_bitmap (video) ref count == 1
d3d      D          d3d_bmp.cpp:467  _al_d3d_sync_bitmap              [   6.55299] _al_d3d_sync_bitmap (system) ref count == 1
d3d      D          d3d_bmp.cpp:473  _al_d3d_sync_bitmap              [   6.55307] _al_d3d_sync_bitmap (video) ref count == 1
d3d      D         d3d_disp.cpp:1166 real_choose_bitmap_format        [   6.56392] Fake format
d3d      D         d3d_disp.cpp:1166 real_choose_bitmap_format        [   6.56399] Fake format
d3d      D         d3d_disp.cpp:1166 real_choose_bitmap_format        [   6.56402] Fake format
d3d      D         d3d_disp.cpp:1166 real_choose_bitmap_format        [   6.56405] Fake format
d3d      D         d3d_disp.cpp:1166 real_choose_bitmap_format        [   6.56408] Fake format
d3d      D         d3d_disp.cpp:1166 real_choose_bitmap_format        [   6.56412] Fake format
d3d      D         d3d_disp.cpp:1166 real_choose_bitmap_format        [   6.56415] Fake format
d3d      D         d3d_disp.cpp:1166 real_choose_bitmap_format        [   6.56418] Fake format
d3d      D         d3d_disp.cpp:1166 real_choose_bitmap_format        [   6.56421] Fake format
d3d      D         d3d_disp.cpp:1174 real_choose_bitmap_format        [   6.56424] Alpha doesn't match
d3d      D         d3d_disp.cpp:1181 real_choose_bitmap_format        [   6.56427] Adapter format is 23
d3d      D         d3d_disp.cpp:1184 real_choose_bitmap_format        [   6.56431] Found a format
d3d      I         d3d_disp.cpp:2283 _al_d3d_create_bitmap            [   6.56434] Chose bitmap format 9
dtor     D               dtor.c:184  _al_register_destructor          [   6.56481] added dtor for object 037D0418, func 0F1D2595
d3d      D          d3d_bmp.cpp:467  _al_d3d_sync_bitmap              [   6.56606] _al_d3d_sync_bitmap (system) ref count == 1
d3d      D          d3d_bmp.cpp:473  _al_d3d_sync_bitmap              [   6.56612] _al_d3d_sync_bitmap (video) ref count == 1
d3d      D          d3d_bmp.cpp:467  _al_d3d_sync_bitmap              [   6.56959] _al_d3d_sync_bitmap (system) ref count == 1
d3d      D          d3d_bmp.cpp:473  _al_d3d_sync_bitmap              [   6.56967] _al_d3d_sync_bitmap (video) ref count == 1
d3d      D         d3d_disp.cpp:1166 real_choose_bitmap_format        [   6.58112] Fake format
d3d      D         d3d_disp.cpp:1166 real_choose_bitmap_format        [   6.58118] Fake format
d3d      D         d3d_disp.cpp:1166 real_choose_bitmap_format        [   6.58122] Fake format
d3d      D         d3d_disp.cpp:1166 real_choose_bitmap_format        [   6.58125] Fake format
d3d      D         d3d_disp.cpp:1166 real_choose_bitmap_format        [   6.58128] Fake format
d3d      D         d3d_disp.cpp:1166 real_choose_bitmap_format        [   6.58131] Fake format
d3d      D         d3d_disp.cpp:1166 real_choose_bitmap_format        [   6.58134] Fake format
d3d      D         d3d_disp.cpp:1166 real_choose_bitmap_format        [   6.58137] Fake format
d3d      D         d3d_disp.cpp:1166 real_choose_bitmap_format        [   6.58141] Fake format
d3d      D         d3d_disp.cpp:1174 real_choose_bitmap_format        [   6.58144] Alpha doesn't match
d3d      D         d3d_disp.cpp:1181 real_choose_bitmap_format        [   6.58147] Adapter format is 23
d3d      D         d3d_disp.cpp:1184 real_choose_bitmap_format        [   6.58151] Found a format
d3d      I         d3d_disp.cpp:2283 _al_d3d_create_bitmap            [   6.58154] Chose bitmap format 9
dtor     D               dtor.c:184  _al_register_destructor          [   6.58184] added dtor for object 037CF218, func 0F1D2595
d3d      D          d3d_bmp.cpp:467  _al_d3d_sync_bitmap              [   6.58235] _al_d3d_sync_bitmap (system) ref count == 1
d3d      D          d3d_bmp.cpp:473  _al_d3d_sync_bitmap              [   6.58243] _al_d3d_sync_bitmap (video) ref count == 1
d3d      D          d3d_bmp.cpp:467  _al_d3d_sync_bitmap              [   6.63784] _al_d3d_sync_bitmap (system) ref count == 1
d3d      D          d3d_bmp.cpp:473  _al_d3d_sync_bitmap              [   6.63788] _al_d3d_sync_bitmap (video) ref count == 1
d3d      D          d3d_bmp.cpp:467  _al_d3d_sync_bitmap              [   6.63829] _al_d3d_sync_bitmap (system) ref count == 1
d3d      D          d3d_bmp.cpp:473  _al_d3d_sync_bitmap              [   6.63834] _al_d3d_sync_bitmap (video) ref count == 2
d3d      D          d3d_bmp.cpp:467  _al_d3d_sync_bitmap              [   6.63934] _al_d3d_sync_bitmap (system) ref count == 1
d3d      D          d3d_bmp.cpp:473  _al_d3d_sync_bitmap              [   6.63952] _al_d3d_sync_bitmap (video) ref count == 2
d3d      D          d3d_bmp.cpp:467  _al_d3d_sync_bitmap              [   6.64091] _al_d3d_sync_bitmap (system) ref count == 1
d3d      D          d3d_bmp.cpp:473  _al_d3d_sync_bitmap              [   6.64100] _al_d3d_sync_bitmap (video) ref count == 1
font     D                ttf.c:217  alloc_glyph_region               [   8.99198] Glyph 36: 26x45 (28x48)
d3d      D          d3d_bmp.cpp:467  _al_d3d_sync_bitmap              [   8.99209] _al_d3d_sync_bitmap (system) ref count == 1
d3d      D          d3d_bmp.cpp:473  _al_d3d_sync_bitmap              [   8.99214] _al_d3d_sync_bitmap (video) ref count == 2
d3d      D          d3d_bmp.cpp:467  _al_d3d_sync_bitmap              [   8.99500] _al_d3d_sync_bitmap (system) ref count == 1
d3d      D          d3d_bmp.cpp:473  _al_d3d_sync_bitmap              [   8.99509] _al_d3d_sync_bitmap (video) ref count == 2
font     D                ttf.c:217  alloc_glyph_region               [  10.94906] Glyph 35: 25x39 (28x40)
d3d      D          d3d_bmp.cpp:467  _al_d3d_sync_bitmap              [  10.94917] _al_d3d_sync_bitmap (system) ref count == 1
d3d      D          d3d_bmp.cpp:473  _al_d3d_sync_bitmap              [  10.94922] _al_d3d_sync_bitmap (video) ref count == 2
d3d      D          d3d_bmp.cpp:467  _al_d3d_sync_bitmap              [  10.95184] _al_d3d_sync_bitmap (system) ref count == 1
d3d      D          d3d_bmp.cpp:473  _al_d3d_sync_bitmap              [  10.95206] _al_d3d_sync_bitmap (video) ref count == 2
font     D                ttf.c:217  alloc_glyph_region               [  15.07929] Glyph 34: 24x38 (24x40)
d3d      D          d3d_bmp.cpp:467  _al_d3d_sync_bitmap              [  15.07941] _al_d3d_sync_bitmap (system) ref count == 1
d3d      D          d3d_bmp.cpp:473  _al_d3d_sync_bitmap              [  15.07945] _al_d3d_sync_bitmap (video) ref count == 2
d3d      D          d3d_bmp.cpp:467  _al_d3d_sync_bitmap              [  15.08236] _al_d3d_sync_bitmap (system) ref count == 1
d3d      D          d3d_bmp.cpp:473  _al_d3d_sync_bitmap              [  15.08249] _al_d3d_sync_bitmap (video) ref count == 2
font     D                ttf.c:217  alloc_glyph_region               [  16.49344] Glyph 33: 22x37 (24x40)
d3d      D          d3d_bmp.cpp:467  _al_d3d_sync_bitmap              [  16.49361] _al_d3d_sync_bitmap (system) ref count == 1
d3d      D          d3d_bmp.cpp:473  _al_d3d_sync_bitmap              [  16.49367] _al_d3d_sync_bitmap (video) ref count == 2
d3d      D          d3d_bmp.cpp:467  _al_d3d_sync_bitmap              [  16.49662] _al_d3d_sync_bitmap (system) ref count == 1
d3d      D          d3d_bmp.cpp:473  _al_d3d_sync_bitmap              [  16.49672] _al_d3d_sync_bitmap (video) ref count == 2
font     D                ttf.c:217  alloc_glyph_region               [  17.54662] Glyph 32: 22x39 (24x40)
d3d      D          d3d_bmp.cpp:467  _al_d3d_sync_bitmap              [  17.54673] _al_d3d_sync_bitmap (system) ref count == 1
d3d      D          d3d_bmp.cpp:473  _al_d3d_sync_bitmap              [  17.54678] _al_d3d_sync_bitmap (video) ref count == 2
d3d      D          d3d_bmp.cpp:467  _al_d3d_sync_bitmap              [  17.54965] _al_d3d_sync_bitmap (system) ref count == 1
d3d      D          d3d_bmp.cpp:473  _al_d3d_sync_bitmap              [  17.54975] _al_d3d_sync_bitmap (video) ref count == 2
font     D                ttf.c:217  alloc_glyph_region               [  20.21328] Glyph 31: 24x38 (24x40)
d3d      D          d3d_bmp.cpp:467  _al_d3d_sync_bitmap              [  20.21341] _al_d3d_sync_bitmap (system) ref count == 1
d3d      D          d3d_bmp.cpp:473  _al_d3d_sync_bitmap              [  20.21346] _al_d3d_sync_bitmap (video) ref count == 2
d3d      D          d3d_bmp.cpp:467  _al_d3d_sync_bitmap              [  20.21636] _al_d3d_sync_bitmap (system) ref count == 1
d3d      D          d3d_bmp.cpp:473  _al_d3d_sync_bitmap              [  20.21646] _al_d3d_sync_bitmap (video) ref count == 2
dtor     D               dtor.c:214  _al_unregister_destructor        [  35.35645] removed dtor for object 037CEF18
d3d      W          d3d_bmp.cpp:743  d3d_destroy_bitmap               [  35.35657] d3d_destroy_bitmap: Release video texture failed.
dtor     D               dtor.c:214  _al_unregister_destructor        [  35.35701] removed dtor for object 037D0418
d3d      W          d3d_bmp.cpp:743  d3d_destroy_bitmap               [  35.35709] d3d_destroy_bitmap: Release video texture failed.
dtor     D               dtor.c:214  _al_unregister_destructor        [  35.35722] removed dtor for object 037CEB18
dtor     D               dtor.c:214  _al_unregister_destructor        [  35.35732] removed dtor for object 037CF218
font     D                ttf.c:217  alloc_glyph_region               [  35.47305] Glyph 28: 37x48 (40x48)
d3d      D          d3d_bmp.cpp:467  _al_d3d_sync_bitmap              [  35.47316] _al_d3d_sync_bitmap (system) ref count == 1
d3d      D          d3d_bmp.cpp:473  _al_d3d_sync_bitmap              [  35.47324] _al_d3d_sync_bitmap (video) ref count == 2
font     D                ttf.c:217  alloc_glyph_region               [  35.47843] Glyph 24: 31x45 (32x48)
d3d      D          d3d_bmp.cpp:467  _al_d3d_sync_bitmap              [  35.47868] _al_d3d_sync_bitmap (system) ref count == 1
d3d      D          d3d_bmp.cpp:473  _al_d3d_sync_bitmap              [  35.47874] _al_d3d_sync_bitmap (video) ref count == 2
font     D                ttf.c:217  alloc_glyph_region               [  35.48457] Glyph 17: 33x46 (36x48)
d3d      D          d3d_bmp.cpp:467  _al_d3d_sync_bitmap              [  35.48547] _al_d3d_sync_bitmap (system) ref count == 1
d3d      D          d3d_bmp.cpp:473  _al_d3d_sync_bitmap              [  35.48553] _al_d3d_sync_bitmap (video) ref count == 2
font     D                ttf.c:217  alloc_glyph_region               [  35.48846] Glyph 12: 13x45 (16x48)
d3d      D          d3d_bmp.cpp:467  _al_d3d_sync_bitmap              [  35.48867] _al_d3d_sync_bitmap (system) ref count == 1
d3d      D          d3d_bmp.cpp:473  _al_d3d_sync_bitmap              [  35.48872] _al_d3d_sync_bitmap (video) ref count == 2
font     D                ttf.c:217  alloc_glyph_region               [  35.49433] Glyph 7: 30x49 (32x52)
d3d      D          d3d_bmp.cpp:467  _al_d3d_sync_bitmap              [  35.49460] _al_d3d_sync_bitmap (system) ref count == 1
d3d      D          d3d_bmp.cpp:473  _al_d3d_sync_bitmap              [  35.49466] _al_d3d_sync_bitmap (video) ref count == 2
font     D                ttf.c:217  alloc_glyph_region               [  35.49935] Glyph 23: 26x44 (28x44)
d3d      D          d3d_bmp.cpp:467  _al_d3d_sync_bitmap              [  35.49969] _al_d3d_sync_bitmap (system) ref count == 1
d3d      D          d3d_bmp.cpp:473  _al_d3d_sync_bitmap              [  35.49975] _al_d3d_sync_bitmap (video) ref count == 2
d3d      D          d3d_bmp.cpp:467  _al_d3d_sync_bitmap              [  35.50424] _al_d3d_sync_bitmap (system) ref count == 1
d3d      D          d3d_bmp.cpp:473  _al_d3d_sync_bitmap              [  35.50433] _al_d3d_sync_bitmap (video) ref count == 2
d3d      D         d3d_disp.cpp:1166 real_choose_bitmap_format        [  39.93608] Fake format
d3d      D         d3d_disp.cpp:1166 real_choose_bitmap_format        [  39.93615] Fake format
d3d      D         d3d_disp.cpp:1166 real_choose_bitmap_format        [  39.93619] Fake format
d3d      D         d3d_disp.cpp:1166 real_choose_bitmap_format        [  39.93622] Fake format
d3d      D         d3d_disp.cpp:1166 real_choose_bitmap_format        [  39.93625] Fake format
d3d      D         d3d_disp.cpp:1166 real_choose_bitmap_format        [  39.93629] Fake format
d3d      D         d3d_disp.cpp:1166 real_choose_bitmap_format        [  39.93632] Fake format
d3d      D         d3d_disp.cpp:1166 real_choose_bitmap_format        [  39.93635] Fake format
d3d      D         d3d_disp.cpp:1166 real_choose_bitmap_format        [  39.93638] Fake format
d3d      D         d3d_disp.cpp:1174 real_choose_bitmap_format        [  39.93641] Alpha doesn't match
d3d      D         d3d_disp.cpp:1181 real_choose_bitmap_format        [  39.93644] Adapter format is 23
d3d      D         d3d_disp.cpp:1184 real_choose_bitmap_format        [  39.93648] Found a format
d3d      I         d3d_disp.cpp:2283 _al_d3d_create_bitmap            [  39.93651] Chose bitmap format 9
dtor     D               dtor.c:184  _al_register_destructor          [  39.93679] added dtor for object 037CFF18, func 0F1D2595
d3d      D          d3d_bmp.cpp:467  _al_d3d_sync_bitmap              [  39.93732] _al_d3d_sync_bitmap (system) ref count == 1
d3d      D          d3d_bmp.cpp:473  _al_d3d_sync_bitmap              [  39.93737] _al_d3d_sync_bitmap (video) ref count == 1
d3d      D         d3d_disp.cpp:1166 real_choose_bitmap_format        [  39.93950] Fake format
d3d      D         d3d_disp.cpp:1166 real_choose_bitmap_format        [  39.93957] Fake format
d3d      D         d3d_disp.cpp:1166 real_choose_bitmap_format        [  39.93965] Fake format
d3d      D         d3d_disp.cpp:1166 real_choose_bitmap_format        [  39.93969] Fake format
d3d      D         d3d_disp.cpp:1166 real_choose_bitmap_format        [  39.93972] Fake format
d3d      D         d3d_disp.cpp:1166 real_choose_bitmap_format        [  39.93975] Fake format
d3d      D         d3d_disp.cpp:1166 real_choose_bitmap_format        [  39.93978] Fake format
d3d      D         d3d_disp.cpp:1166 real_choose_bitmap_format        [  39.93981] Fake format
d3d      D         d3d_disp.cpp:1166 real_choose_bitmap_format        [  39.93984] Fake format
d3d      D         d3d_disp.cpp:1174 real_choose_bitmap_format        [  39.93987] Alpha doesn't match
d3d      D         d3d_disp.cpp:1181 real_choose_bitmap_format        [  39.93990] Adapter format is 23
d3d      D         d3d_disp.cpp:1184 real_choose_bitmap_format        [  39.93994] Found a format
d3d      I         d3d_disp.cpp:2283 _al_d3d_create_bitmap            [  39.93997] Chose bitmap format 9
dtor     D               dtor.c:184  _al_register_destructor          [  39.94034] added dtor for object 037CEF18, func 0F1D2595
d3d      D          d3d_bmp.cpp:467  _al_d3d_sync_bitmap              [  39.94162] _al_d3d_sync_bitmap (system) ref count == 1
d3d      D          d3d_bmp.cpp:473  _al_d3d_sync_bitmap              [  39.94167] _al_d3d_sync_bitmap (video) ref count == 1
d3d      D          d3d_bmp.cpp:467  _al_d3d_sync_bitmap              [  39.94685] _al_d3d_sync_bitmap (system) ref count == 1
d3d      D          d3d_bmp.cpp:473  _al_d3d_sync_bitmap              [  39.94707] _al_d3d_sync_bitmap (video) ref count == 1
d3d      D         d3d_disp.cpp:1166 real_choose_bitmap_format        [  39.95873] Fake format
d3d      D         d3d_disp.cpp:1166 real_choose_bitmap_format        [  39.95879] Fake format
d3d      D         d3d_disp.cpp:1166 real_choose_bitmap_format        [  39.95883] Fake format
d3d      D         d3d_disp.cpp:1166 real_choose_bitmap_format        [  39.95886] Fake format
d3d      D         d3d_disp.cpp:1166 real_choose_bitmap_format        [  39.95889] Fake format
d3d      D         d3d_disp.cpp:1166 real_choose_bitmap_format        [  39.95892] Fake format
d3d      D         d3d_disp.cpp:1166 real_choose_bitmap_format        [  39.95896] Fake format
d3d      D         d3d_disp.cpp:1166 real_choose_bitmap_format        [  39.95900] Fake format
d3d      D         d3d_disp.cpp:1166 real_choose_bitmap_format        [  39.95903] Fake format
d3d      D         d3d_disp.cpp:1174 real_choose_bitmap_format        [  39.95906] Alpha doesn't match
d3d      D         d3d_disp.cpp:1181 real_choose_bitmap_format        [  39.95909] Adapter format is 23
d3d      D         d3d_disp.cpp:1184 real_choose_bitmap_format        [  39.95912] Found a format
d3d      I         d3d_disp.cpp:2283 _al_d3d_create_bitmap            [  39.95916] Chose bitmap format 9
dtor     D               dtor.c:184  _al_register_destructor          [  39.95960] added dtor for object 037D0118, func 0F1D2595
d3d      D          d3d_bmp.cpp:467  _al_d3d_sync_bitmap              [  39.96098] _al_d3d_sync_bitmap (system) ref count == 1
d3d      D          d3d_bmp.cpp:473  _al_d3d_sync_bitmap              [  39.96104] _al_d3d_sync_bitmap (video) ref count == 1
d3d      D          d3d_bmp.cpp:467  _al_d3d_sync_bitmap              [  39.96493] _al_d3d_sync_bitmap (system) ref count == 1
d3d      D          d3d_bmp.cpp:473  _al_d3d_sync_bitmap              [  39.96500] _al_d3d_sync_bitmap (video) ref count == 1
d3d      D         d3d_disp.cpp:1166 real_choose_bitmap_format        [  39.97581] Fake format
d3d      D         d3d_disp.cpp:1166 real_choose_bitmap_format        [  39.97588] Fake format
d3d      D         d3d_disp.cpp:1166 real_choose_bitmap_format        [  39.97591] Fake format
d3d      D         d3d_disp.cpp:1166 real_choose_bitmap_format        [  39.97594] Fake format
d3d      D         d3d_disp.cpp:1166 real_choose_bitmap_format        [  39.97597] Fake format
d3d      D         d3d_disp.cpp:1166 real_choose_bitmap_format        [  39.97600] Fake format
d3d      D         d3d_disp.cpp:1166 real_choose_bitmap_format        [  39.97603] Fake format
d3d      D         d3d_disp.cpp:1166 real_choose_bitmap_format        [  39.97606] Fake format
d3d      D         d3d_disp.cpp:1166 real_choose_bitmap_format        [  39.97609] Fake format
d3d      D         d3d_disp.cpp:1174 real_choose_bitmap_format        [  39.97613] Alpha doesn't match
d3d      D         d3d_disp.cpp:1181 real_choose_bitmap_format        [  39.97617] Adapter format is 23
d3d      D         d3d_disp.cpp:1184 real_choose_bitmap_format        [  39.97621] Found a format
d3d      I         d3d_disp.cpp:2283 _al_d3d_create_bitmap            [  39.97623] Chose bitmap format 9
dtor     D               dtor.c:184  _al_register_destructor          [  39.97649] added dtor for object 037CF618, func 0F1D2595
d3d      D          d3d_bmp.cpp:467  _al_d3d_sync_bitmap              [  39.97682] _al_d3d_sync_bitmap (system) ref count == 1
d3d      D          d3d_bmp.cpp:473  _al_d3d_sync_bitmap              [  39.97686] _al_d3d_sync_bitmap (video) ref count == 1
d3d      D          d3d_bmp.cpp:467  _al_d3d_sync_bitmap              [  40.02610] _al_d3d_sync_bitmap (system) ref count == 1
d3d      D          d3d_bmp.cpp:473  _al_d3d_sync_bitmap              [  40.02614] _al_d3d_sync_bitmap (video) ref count == 1
d3d      D          d3d_bmp.cpp:467  _al_d3d_sync_bitmap              [  40.02681] _al_d3d_sync_bitmap (system) ref count == 1
d3d      D          d3d_bmp.cpp:473  _al_d3d_sync_bitmap              [  40.02684] _al_d3d_sync_bitmap (video) ref count == 2
d3d      D          d3d_bmp.cpp:467  _al_d3d_sync_bitmap              [  40.02760] _al_d3d_sync_bitmap (system) ref count == 1
d3d      D          d3d_bmp.cpp:473  _al_d3d_sync_bitmap              [  40.02762] _al_d3d_sync_bitmap (video) ref count == 2
d3d      D          d3d_bmp.cpp:467  _al_d3d_sync_bitmap              [  40.02829] _al_d3d_sync_bitmap (system) ref count == 1
d3d      D          d3d_bmp.cpp:473  _al_d3d_sync_bitmap              [  40.02832] _al_d3d_sync_bitmap (video) ref count == 1
dtor     D               dtor.c:214  _al_unregister_destructor        [  62.21068] removed dtor for object 037CEF18
d3d      W          d3d_bmp.cpp:743  d3d_destroy_bitmap               [  62.21080] d3d_destroy_bitmap: Release video texture failed.
dtor     D               dtor.c:214  _al_unregister_destructor        [  62.21117] removed dtor for object 037D0118
d3d      W          d3d_bmp.cpp:743  d3d_destroy_bitmap               [  62.21123] d3d_destroy_bitmap: Release video texture failed.
dtor     D               dtor.c:214  _al_unregister_destructor        [  62.21133] removed dtor for object 037CFF18
dtor     D               dtor.c:214  _al_unregister_destructor        [  62.21144] removed dtor for object 037CF618
dtor     D               dtor.c:214  _al_unregister_destructor        [  62.89813] removed dtor for object 0108DC30
d3d      W          d3d_bmp.cpp:743  d3d_destroy_bitmap               [  62.89846] d3d_destroy_bitmap: Release video texture failed.
dtor     D               dtor.c:214  _al_unregister_destructor        [  62.89867] removed dtor for object 037B51D8
d3d      W          d3d_bmp.cpp:743  d3d_destroy_bitmap               [  62.89884] d3d_destroy_bitmap: Release video texture failed.
dtor     D               dtor.c:214  _al_unregister_destructor        [  62.89902] removed dtor for object 037B52F0
dtor     D               dtor.c:214  _al_unregister_destructor        [  62.89912] removed dtor for object 037B49F0
dtor     D               dtor.c:214  _al_unregister_destructor        [  62.93096] removed dtor for object 037BB2C0
d3d      I         d3d_disp.cpp:921  d3d_destroy_display              [  62.93102] destroying display 00FE76C8 (current 00000000)
d3d      D         d3d_disp.cpp:905  d3d_destroy_display_internals    [  62.93108] waiting for display 00FE76C8's thread to end
d3d      W         d3d_disp.cpp:617  d3d_destroy_device               [  62.95086] d3d_destroy_device: ref count not 0
d3d      I         d3d_disp.cpp:1527 d3d_display_thread_proc          [  62.98995] d3d display thread exits
