Build started 1/29/2016 5:15:07 PM.
     1>Project "C:\Users\BSP-B.Tech\Documents\Visual Studio 2012\Projects\Load Runner 1.0\Load Runner 1.0\Load Runner 1.0.vcxproj" on node 2 (Build target(s)).
     1>ClCompile:
         C:\Program Files (x86)\Microsoft Visual Studio 11.0\VC\bin\CL.exe /c /ZI /nologo /W3 /WX- /Od /Oy- /D _MBCS /Gm /EHsc /RTC1 /MDd /GS /fp:precise /Zc:wchar_t /Zc:forScope /Fo"Debug\\" /Fd"Debug\vc110.pdb" /Gd /TP /analyze- /errorReport:prompt ActivityGame.cpp GameManager.cpp
         ActivityGame.cpp
         Generating Code...
         Skipping... (no relevant changes detected)
         GameManager.cpp
       Link:
         C:\Program Files (x86)\Microsoft Visual Studio 11.0\VC\bin\link.exe /ERRORREPORT:PROMPT /OUT:"C:\Users\BSP-B.Tech\Documents\Visual Studio 2012\Projects\Load Runner 1.0\Debug\Load Runner 1.0.exe" /INCREMENTAL /NOLOGO kernel32.lib user32.lib gdi32.lib winspool.lib comdlg32.lib advapi32.lib shell32.lib ole32.lib oleaut32.lib uuid.lib odbc32.lib odbccp32.lib /MANIFEST /MANIFESTUAC:"level='asInvoker' uiAccess='false'" /manifest:embed /DEBUG /PDB:"C:\Users\BSP-B.Tech\Documents\Visual Studio 2012\Projects\Load Runner 1.0\Debug\Load Runner 1.0.pdb" /TLBID:1 /DYNAMICBASE /NXCOMPAT /IMPLIB:"C:\Users\BSP-B.Tech\Documents\Visual Studio 2012\Projects\Load Runner 1.0\Debug\Load Runner 1.0.lib" /MACHINE:X86 Debug\ActivityGame.obj
         Debug\Enemy.obj
         Debug\GameManager.obj
         Debug\GameOverAct.obj
         Debug\GameWonAct.obj
         Debug\Main.obj
         Debug\Map.obj
         Debug\MenuParent.obj
         Debug\Player.obj
         Debug\StartMenuAct.obj
         Load Runner 1.0.vcxproj -> C:\Users\BSP-B.Tech\Documents\Visual Studio 2012\Projects\Load Runner 1.0\Debug\Load Runner 1.0.exe
     1>Done Building Project "C:\Users\BSP-B.Tech\Documents\Visual Studio 2012\Projects\Load Runner 1.0\Load Runner 1.0\Load Runner 1.0.vcxproj" (Build target(s)).

Build succeeded.

Time Elapsed 00:00:02.34
