system   D            wsystem.c:583  maybe_parent_dir                 [   0.00055] Also searching C:\Users\admin\Downloads\Load-Runner-master\Load-Runner-1.0\
system   D            wsystem.c:633  _al_win_safe_load_library        [   0.00087] PathFindOnPath found: C:\WINDOWS\system32\d3d9.dll
system   D            wsystem.c:544  load_library_at_path             [   0.00089] Calling LoadLibrary C:\WINDOWS\system32\d3d9.dll
system   I            wsystem.c:547  load_library_at_path             [   0.00222] Loaded C:\WINDOWS\system32\d3d9.dll
d3d      I         d3d_disp.cpp:696  _al_d3d_init_display             [   0.02884] Render-to-texture: 1
system   I             system.c:252  al_install_system                [   0.02889] Allegro version: 5.0.10
d3d      I         d3d_disp.cpp:1737 d3d_create_display_locked        [   0.02998] faux_fullscreen=0
d3d      D         d3d_disp.cpp:1738 d3d_create_display_locked        [   0.03002] al_display=0144EF68
d3d      D         d3d_disp.cpp:1739 d3d_create_display_locked        [   0.03003] al_display->vt=014816A0
d3d      I d3d_display_formats.cpp:144  _al_d3d_generate_display_format_list [   0.03668] found 160 format combinations
display  D   display_settings.c:191  debug_display_settings           [   0.03671] color: 32 (rgba 8880), depth: 0, stencil: 0, acc: 0000, samples: 0/0
display  D   display_settings.c:506  _al_score_display_settings       [   0.03673] Score is : 897
display  D   display_settings.c:191  debug_display_settings           [   0.03674] color: 32 (rgba 8880), depth: 0, stencil: 0, acc: 0000, samples: 0/0
display  D   display_settings.c:506  _al_score_display_settings       [   0.03676] Score is : 897
display  D   display_settings.c:191  debug_display_settings           [   0.03677] color: 32 (rgba 8880), depth: 0, stencil: 0, acc: 0000, samples: 2/1
display  D   display_settings.c:506  _al_score_display_settings       [   0.03678] Score is : 726
display  D   display_settings.c:191  debug_display_settings           [   0.03680] color: 32 (rgba 8880), depth: 0, stencil: 0, acc: 0000, samples: 3/1
display  D   display_settings.c:506  _al_score_display_settings       [   0.03681] Score is : 721
display  D   display_settings.c:191  debug_display_settings           [   0.03682] color: 32 (rgba 8880), depth: 0, stencil: 0, acc: 0000, samples: 4/1
display  D   display_settings.c:506  _al_score_display_settings       [   0.03684] Score is : 717
display  D   display_settings.c:191  debug_display_settings           [   0.03685] color: 32 (rgba 8880), depth: 24, stencil: 8, acc: 0000, samples: 0/0
display  D   display_settings.c:506  _al_score_display_settings       [   0.03686] Score is : 897
display  D   display_settings.c:191  debug_display_settings           [   0.03688] color: 32 (rgba 8880), depth: 24, stencil: 8, acc: 0000, samples: 0/0
display  D   display_settings.c:506  _al_score_display_settings       [   0.03689] Score is : 897
display  D   display_settings.c:191  debug_display_settings           [   0.03690] color: 32 (rgba 8880), depth: 24, stencil: 8, acc: 0000, samples: 2/1
display  D   display_settings.c:506  _al_score_display_settings       [   0.03692] Score is : 726
display  D   display_settings.c:191  debug_display_settings           [   0.03693] color: 32 (rgba 8880), depth: 24, stencil: 8, acc: 0000, samples: 3/1
display  D   display_settings.c:506  _al_score_display_settings       [   0.03694] Score is : 721
display  D   display_settings.c:191  debug_display_settings           [   0.03695] color: 32 (rgba 8880), depth: 24, stencil: 8, acc: 0000, samples: 4/1
display  D   display_settings.c:506  _al_score_display_settings       [   0.03697] Score is : 717
display  D   display_settings.c:191  debug_display_settings           [   0.03698] color: 32 (rgba 8880), depth: 24, stencil: 0, acc: 0000, samples: 0/0
display  D   display_settings.c:506  _al_score_display_settings       [   0.03699] Score is : 897
display  D   display_settings.c:191  debug_display_settings           [   0.03701] color: 32 (rgba 8880), depth: 24, stencil: 0, acc: 0000, samples: 0/0
display  D   display_settings.c:506  _al_score_display_settings       [   0.03711] Score is : 897
display  D   display_settings.c:191  debug_display_settings           [   0.03712] color: 32 (rgba 8880), depth: 24, stencil: 0, acc: 0000, samples: 2/1
display  D   display_settings.c:506  _al_score_display_settings       [   0.03714] Score is : 726
display  D   display_settings.c:191  debug_display_settings           [   0.03715] color: 32 (rgba 8880), depth: 24, stencil: 0, acc: 0000, samples: 3/1
display  D   display_settings.c:506  _al_score_display_settings       [   0.03716] Score is : 721
display  D   display_settings.c:191  debug_display_settings           [   0.03717] color: 32 (rgba 8880), depth: 24, stencil: 0, acc: 0000, samples: 4/1
display  D   display_settings.c:506  _al_score_display_settings       [   0.03719] Score is : 717
display  D   display_settings.c:191  debug_display_settings           [   0.03720] color: 32 (rgba 8880), depth: 16, stencil: 0, acc: 0000, samples: 0/0
display  D   display_settings.c:506  _al_score_display_settings       [   0.03721] Score is : 897
display  D   display_settings.c:191  debug_display_settings           [   0.03722] color: 32 (rgba 8880), depth: 16, stencil: 0, acc: 0000, samples: 0/0
display  D   display_settings.c:506  _al_score_display_settings       [   0.03724] Score is : 897
display  D   display_settings.c:191  debug_display_settings           [   0.03725] color: 32 (rgba 8880), depth: 16, stencil: 0, acc: 0000, samples: 2/1
display  D   display_settings.c:506  _al_score_display_settings       [   0.03727] Score is : 726
display  D   display_settings.c:191  debug_display_settings           [   0.03728] color: 32 (rgba 8880), depth: 16, stencil: 0, acc: 0000, samples: 3/1
display  D   display_settings.c:506  _al_score_display_settings       [   0.03729] Score is : 721
display  D   display_settings.c:191  debug_display_settings           [   0.03730] color: 32 (rgba 8880), depth: 16, stencil: 0, acc: 0000, samples: 4/1
display  D   display_settings.c:506  _al_score_display_settings       [   0.03732] Score is : 717
display  D   display_settings.c:191  debug_display_settings           [   0.03733] color: 16 (rgba 5650), depth: 0, stencil: 0, acc: 0000, samples: 0/0
display  D   display_settings.c:506  _al_score_display_settings       [   0.03735] Score is : 897
display  D   display_settings.c:191  debug_display_settings           [   0.03736] color: 16 (rgba 5650), depth: 0, stencil: 0, acc: 0000, samples: 0/0
display  D   display_settings.c:506  _al_score_display_settings       [   0.03737] Score is : 897
display  D   display_settings.c:191  debug_display_settings           [   0.03738] color: 16 (rgba 5650), depth: 0, stencil: 0, acc: 0000, samples: 2/1
display  D   display_settings.c:506  _al_score_display_settings       [   0.03740] Score is : 726
display  D   display_settings.c:191  debug_display_settings           [   0.03741] color: 16 (rgba 5650), depth: 0, stencil: 0, acc: 0000, samples: 3/1
display  D   display_settings.c:506  _al_score_display_settings       [   0.03742] Score is : 721
display  D   display_settings.c:191  debug_display_settings           [   0.03743] color: 16 (rgba 5650), depth: 0, stencil: 0, acc: 0000, samples: 4/1
display  D   display_settings.c:506  _al_score_display_settings       [   0.03745] Score is : 717
display  D   display_settings.c:191  debug_display_settings           [   0.03746] color: 16 (rgba 5650), depth: 24, stencil: 8, acc: 0000, samples: 0/0
display  D   display_settings.c:506  _al_score_display_settings       [   0.03747] Score is : 897
display  D   display_settings.c:191  debug_display_settings           [   0.03749] color: 16 (rgba 5650), depth: 24, stencil: 8, acc: 0000, samples: 0/0
display  D   display_settings.c:506  _al_score_display_settings       [   0.03750] Score is : 897
display  D   display_settings.c:191  debug_display_settings           [   0.03751] color: 16 (rgba 5650), depth: 24, stencil: 8, acc: 0000, samples: 2/1
display  D   display_settings.c:506  _al_score_display_settings       [   0.03753] Score is : 726
display  D   display_settings.c:191  debug_display_settings           [   0.03754] color: 16 (rgba 5650), depth: 24, stencil: 8, acc: 0000, samples: 3/1
display  D   display_settings.c:506  _al_score_display_settings       [   0.03756] Score is : 721
display  D   display_settings.c:191  debug_display_settings           [   0.03757] color: 16 (rgba 5650), depth: 24, stencil: 8, acc: 0000, samples: 4/1
display  D   display_settings.c:506  _al_score_display_settings       [   0.03758] Score is : 717
display  D   display_settings.c:191  debug_display_settings           [   0.03759] color: 16 (rgba 5650), depth: 24, stencil: 0, acc: 0000, samples: 0/0
display  D   display_settings.c:506  _al_score_display_settings       [   0.03761] Score is : 897
display  D   display_settings.c:191  debug_display_settings           [   0.03762] color: 16 (rgba 5650), depth: 24, stencil: 0, acc: 0000, samples: 0/0
display  D   display_settings.c:506  _al_score_display_settings       [   0.03763] Score is : 897
display  D   display_settings.c:191  debug_display_settings           [   0.03764] color: 16 (rgba 5650), depth: 24, stencil: 0, acc: 0000, samples: 2/1
display  D   display_settings.c:506  _al_score_display_settings       [   0.03766] Score is : 726
display  D   display_settings.c:191  debug_display_settings           [   0.03767] color: 16 (rgba 5650), depth: 24, stencil: 0, acc: 0000, samples: 3/1
display  D   display_settings.c:506  _al_score_display_settings       [   0.03769] Score is : 721
display  D   display_settings.c:191  debug_display_settings           [   0.03770] color: 16 (rgba 5650), depth: 24, stencil: 0, acc: 0000, samples: 4/1
display  D   display_settings.c:506  _al_score_display_settings       [   0.03771] Score is : 717
display  D   display_settings.c:191  debug_display_settings           [   0.03772] color: 16 (rgba 5650), depth: 16, stencil: 0, acc: 0000, samples: 0/0
display  D   display_settings.c:506  _al_score_display_settings       [   0.03774] Score is : 897
display  D   display_settings.c:191  debug_display_settings           [   0.03775] color: 16 (rgba 5650), depth: 16, stencil: 0, acc: 0000, samples: 0/0
display  D   display_settings.c:506  _al_score_display_settings       [   0.03776] Score is : 897
display  D   display_settings.c:191  debug_display_settings           [   0.03777] color: 16 (rgba 5650), depth: 16, stencil: 0, acc: 0000, samples: 2/1
display  D   display_settings.c:506  _al_score_display_settings       [   0.03779] Score is : 726
display  D   display_settings.c:191  debug_display_settings           [   0.03780] color: 16 (rgba 5650), depth: 16, stencil: 0, acc: 0000, samples: 3/1
display  D   display_settings.c:506  _al_score_display_settings       [   0.03782] Score is : 721
display  D   display_settings.c:191  debug_display_settings           [   0.03783] color: 16 (rgba 5650), depth: 16, stencil: 0, acc: 0000, samples: 4/1
display  D   display_settings.c:506  _al_score_display_settings       [   0.03784] Score is : 717
display  D   display_settings.c:191  debug_display_settings           [   0.03785] color: 32 (rgba 8880), depth: 0, stencil: 0, acc: 0000, samples: 0/0
display  D   display_settings.c:377  _al_score_display_settings       [   0.03787] Single Buffer requirement not met.
display  D   display_settings.c:191  debug_display_settings           [   0.03788] color: 32 (rgba 8880), depth: 0, stencil: 0, acc: 0000, samples: 0/0
display  D   display_settings.c:377  _al_score_display_settings       [   0.03789] Single Buffer requirement not met.
display  D   display_settings.c:191  debug_display_settings           [   0.03791] color: 32 (rgba 8880), depth: 0, stencil: 0, acc: 0000, samples: 2/1
display  D   display_settings.c:377  _al_score_display_settings       [   0.03792] Single Buffer requirement not met.
display  D   display_settings.c:191  debug_display_settings           [   0.03793] color: 32 (rgba 8880), depth: 0, stencil: 0, acc: 0000, samples: 3/1
display  D   display_settings.c:377  _al_score_display_settings       [   0.03795] Single Buffer requirement not met.
display  D   display_settings.c:191  debug_display_settings           [   0.03796] color: 32 (rgba 8880), depth: 0, stencil: 0, acc: 0000, samples: 4/1
display  D   display_settings.c:377  _al_score_display_settings       [   0.03798] Single Buffer requirement not met.
display  D   display_settings.c:191  debug_display_settings           [   0.03799] color: 32 (rgba 8880), depth: 24, stencil: 8, acc: 0000, samples: 0/0
display  D   display_settings.c:377  _al_score_display_settings       [   0.03800] Single Buffer requirement not met.
display  D   display_settings.c:191  debug_display_settings           [   0.03801] color: 32 (rgba 8880), depth: 24, stencil: 8, acc: 0000, samples: 0/0
display  D   display_settings.c:377  _al_score_display_settings       [   0.03803] Single Buffer requirement not met.
display  D   display_settings.c:191  debug_display_settings           [   0.03804] color: 32 (rgba 8880), depth: 24, stencil: 8, acc: 0000, samples: 2/1
display  D   display_settings.c:377  _al_score_display_settings       [   0.03806] Single Buffer requirement not met.
display  D   display_settings.c:191  debug_display_settings           [   0.03807] color: 32 (rgba 8880), depth: 24, stencil: 8, acc: 0000, samples: 3/1
display  D   display_settings.c:377  _al_score_display_settings       [   0.03808] Single Buffer requirement not met.
display  D   display_settings.c:191  debug_display_settings           [   0.03809] color: 32 (rgba 8880), depth: 24, stencil: 8, acc: 0000, samples: 4/1
display  D   display_settings.c:377  _al_score_display_settings       [   0.03811] Single Buffer requirement not met.
display  D   display_settings.c:191  debug_display_settings           [   0.03812] color: 32 (rgba 8880), depth: 24, stencil: 0, acc: 0000, samples: 0/0
display  D   display_settings.c:377  _al_score_display_settings       [   0.03814] Single Buffer requirement not met.
display  D   display_settings.c:191  debug_display_settings           [   0.03815] color: 32 (rgba 8880), depth: 24, stencil: 0, acc: 0000, samples: 0/0
display  D   display_settings.c:377  _al_score_display_settings       [   0.03816] Single Buffer requirement not met.
display  D   display_settings.c:191  debug_display_settings           [   0.03817] color: 32 (rgba 8880), depth: 24, stencil: 0, acc: 0000, samples: 2/1
display  D   display_settings.c:377  _al_score_display_settings       [   0.03819] Single Buffer requirement not met.
display  D   display_settings.c:191  debug_display_settings           [   0.03820] color: 32 (rgba 8880), depth: 24, stencil: 0, acc: 0000, samples: 3/1
display  D   display_settings.c:377  _al_score_display_settings       [   0.03822] Single Buffer requirement not met.
display  D   display_settings.c:191  debug_display_settings           [   0.03823] color: 32 (rgba 8880), depth: 24, stencil: 0, acc: 0000, samples: 4/1
display  D   display_settings.c:377  _al_score_display_settings       [   0.03824] Single Buffer requirement not met.
display  D   display_settings.c:191  debug_display_settings           [   0.03825] color: 32 (rgba 8880), depth: 16, stencil: 0, acc: 0000, samples: 0/0
display  D   display_settings.c:377  _al_score_display_settings       [   0.03827] Single Buffer requirement not met.
display  D   display_settings.c:191  debug_display_settings           [   0.03828] color: 32 (rgba 8880), depth: 16, stencil: 0, acc: 0000, samples: 0/0
display  D   display_settings.c:377  _al_score_display_settings       [   0.03830] Single Buffer requirement not met.
display  D   display_settings.c:191  debug_display_settings           [   0.03831] color: 32 (rgba 8880), depth: 16, stencil: 0, acc: 0000, samples: 2/1
display  D   display_settings.c:377  _al_score_display_settings       [   0.03832] Single Buffer requirement not met.
display  D   display_settings.c:191  debug_display_settings           [   0.03833] color: 32 (rgba 8880), depth: 16, stencil: 0, acc: 0000, samples: 3/1
display  D   display_settings.c:377  _al_score_display_settings       [   0.03835] Single Buffer requirement not met.
display  D   display_settings.c:191  debug_display_settings           [   0.03839] color: 32 (rgba 8880), depth: 16, stencil: 0, acc: 0000, samples: 4/1
display  D   display_settings.c:377  _al_score_display_settings       [   0.03840] Single Buffer requirement not met.
display  D   display_settings.c:191  debug_display_settings           [   0.03841] color: 16 (rgba 5650), depth: 0, stencil: 0, acc: 0000, samples: 0/0
display  D   display_settings.c:377  _al_score_display_settings       [   0.03843] Single Buffer requirement not met.
display  D   display_settings.c:191  debug_display_settings           [   0.03844] color: 16 (rgba 5650), depth: 0, stencil: 0, acc: 0000, samples: 0/0
display  D   display_settings.c:377  _al_score_display_settings       [   0.03845] Single Buffer requirement not met.
display  D   display_settings.c:191  debug_display_settings           [   0.03846] color: 16 (rgba 5650), depth: 0, stencil: 0, acc: 0000, samples: 2/1
display  D   display_settings.c:377  _al_score_display_settings       [   0.03847] Single Buffer requirement not met.
display  D   display_settings.c:191  debug_display_settings           [   0.03848] color: 16 (rgba 5650), depth: 0, stencil: 0, acc: 0000, samples: 3/1
display  D   display_settings.c:377  _al_score_display_settings       [   0.03849] Single Buffer requirement not met.
display  D   display_settings.c:191  debug_display_settings           [   0.03850] color: 16 (rgba 5650), depth: 0, stencil: 0, acc: 0000, samples: 4/1
display  D   display_settings.c:377  _al_score_display_settings       [   0.03851] Single Buffer requirement not met.
display  D   display_settings.c:191  debug_display_settings           [   0.03852] color: 16 (rgba 5650), depth: 24, stencil: 8, acc: 0000, samples: 0/0
display  D   display_settings.c:377  _al_score_display_settings       [   0.03853] Single Buffer requirement not met.
display  D   display_settings.c:191  debug_display_settings           [   0.03854] color: 16 (rgba 5650), depth: 24, stencil: 8, acc: 0000, samples: 0/0
display  D   display_settings.c:377  _al_score_display_settings       [   0.03855] Single Buffer requirement not met.
display  D   display_settings.c:191  debug_display_settings           [   0.03855] color: 16 (rgba 5650), depth: 24, stencil: 8, acc: 0000, samples: 2/1
display  D   display_settings.c:377  _al_score_display_settings       [   0.03857] Single Buffer requirement not met.
display  D   display_settings.c:191  debug_display_settings           [   0.03857] color: 16 (rgba 5650), depth: 24, stencil: 8, acc: 0000, samples: 3/1
display  D   display_settings.c:377  _al_score_display_settings       [   0.03858] Single Buffer requirement not met.
display  D   display_settings.c:191  debug_display_settings           [   0.03859] color: 16 (rgba 5650), depth: 24, stencil: 8, acc: 0000, samples: 4/1
display  D   display_settings.c:377  _al_score_display_settings       [   0.03860] Single Buffer requirement not met.
display  D   display_settings.c:191  debug_display_settings           [   0.03861] color: 16 (rgba 5650), depth: 24, stencil: 0, acc: 0000, samples: 0/0
display  D   display_settings.c:377  _al_score_display_settings       [   0.03862] Single Buffer requirement not met.
display  D   display_settings.c:191  debug_display_settings           [   0.03863] color: 16 (rgba 5650), depth: 24, stencil: 0, acc: 0000, samples: 0/0
display  D   display_settings.c:377  _al_score_display_settings       [   0.03864] Single Buffer requirement not met.
display  D   display_settings.c:191  debug_display_settings           [   0.03865] color: 16 (rgba 5650), depth: 24, stencil: 0, acc: 0000, samples: 2/1
display  D   display_settings.c:377  _al_score_display_settings       [   0.03866] Single Buffer requirement not met.
display  D   display_settings.c:191  debug_display_settings           [   0.03866] color: 16 (rgba 5650), depth: 24, stencil: 0, acc: 0000, samples: 3/1
display  D   display_settings.c:377  _al_score_display_settings       [   0.03868] Single Buffer requirement not met.
display  D   display_settings.c:191  debug_display_settings           [   0.03868] color: 16 (rgba 5650), depth: 24, stencil: 0, acc: 0000, samples: 4/1
display  D   display_settings.c:377  _al_score_display_settings       [   0.03870] Single Buffer requirement not met.
display  D   display_settings.c:191  debug_display_settings           [   0.03870] color: 16 (rgba 5650), depth: 16, stencil: 0, acc: 0000, samples: 0/0
display  D   display_settings.c:377  _al_score_display_settings       [   0.03871] Single Buffer requirement not met.
display  D   display_settings.c:191  debug_display_settings           [   0.03872] color: 16 (rgba 5650), depth: 16, stencil: 0, acc: 0000, samples: 0/0
display  D   display_settings.c:377  _al_score_display_settings       [   0.03874] Single Buffer requirement not met.
display  D   display_settings.c:191  debug_display_settings           [   0.03875] color: 16 (rgba 5650), depth: 16, stencil: 0, acc: 0000, samples: 2/1
display  D   display_settings.c:377  _al_score_display_settings       [   0.03876] Single Buffer requirement not met.
display  D   display_settings.c:191  debug_display_settings           [   0.03877] color: 16 (rgba 5650), depth: 16, stencil: 0, acc: 0000, samples: 3/1
display  D   display_settings.c:377  _al_score_display_settings       [   0.03878] Single Buffer requirement not met.
display  D   display_settings.c:191  debug_display_settings           [   0.03878] color: 16 (rgba 5650), depth: 16, stencil: 0, acc: 0000, samples: 4/1
display  D   display_settings.c:377  _al_score_display_settings       [   0.03879] Single Buffer requirement not met.
display  D   display_settings.c:191  debug_display_settings           [   0.03880] color: 32 (rgba 8880), depth: 0, stencil: 0, acc: 0000, samples: 0/0
display  D   display_settings.c:506  _al_score_display_settings       [   0.03881] Score is : 769
display  D   display_settings.c:191  debug_display_settings           [   0.03882] color: 32 (rgba 8880), depth: 0, stencil: 0, acc: 0000, samples: 0/0
display  D   display_settings.c:506  _al_score_display_settings       [   0.03883] Score is : 769
display  D   display_settings.c:191  debug_display_settings           [   0.03884] color: 32 (rgba 8880), depth: 0, stencil: 0, acc: 0000, samples: 2/1
display  D   display_settings.c:506  _al_score_display_settings       [   0.03885] Score is : 598
display  D   display_settings.c:191  debug_display_settings           [   0.03886] color: 32 (rgba 8880), depth: 0, stencil: 0, acc: 0000, samples: 3/1
display  D   display_settings.c:506  _al_score_display_settings       [   0.03887] Score is : 593
display  D   display_settings.c:191  debug_display_settings           [   0.03888] color: 32 (rgba 8880), depth: 0, stencil: 0, acc: 0000, samples: 4/1
display  D   display_settings.c:506  _al_score_display_settings       [   0.03889] Score is : 589
display  D   display_settings.c:191  debug_display_settings           [   0.03890] color: 32 (rgba 8880), depth: 24, stencil: 8, acc: 0000, samples: 0/0
display  D   display_settings.c:506  _al_score_display_settings       [   0.03891] Score is : 769
display  D   display_settings.c:191  debug_display_settings           [   0.03892] color: 32 (rgba 8880), depth: 24, stencil: 8, acc: 0000, samples: 0/0
display  D   display_settings.c:506  _al_score_display_settings       [   0.03894] Score is : 769
display  D   display_settings.c:191  debug_display_settings           [   0.03895] color: 32 (rgba 8880), depth: 24, stencil: 8, acc: 0000, samples: 2/1
display  D   display_settings.c:506  _al_score_display_settings       [   0.03897] Score is : 598
display  D   display_settings.c:191  debug_display_settings           [   0.03898] color: 32 (rgba 8880), depth: 24, stencil: 8, acc: 0000, samples: 3/1
display  D   display_settings.c:506  _al_score_display_settings       [   0.03899] Score is : 593
display  D   display_settings.c:191  debug_display_settings           [   0.03900] color: 32 (rgba 8880), depth: 24, stencil: 8, acc: 0000, samples: 4/1
display  D   display_settings.c:506  _al_score_display_settings       [   0.03902] Score is : 589
display  D   display_settings.c:191  debug_display_settings           [   0.03903] color: 32 (rgba 8880), depth: 24, stencil: 0, acc: 0000, samples: 0/0
display  D   display_settings.c:506  _al_score_display_settings       [   0.03905] Score is : 769
display  D   display_settings.c:191  debug_display_settings           [   0.03906] color: 32 (rgba 8880), depth: 24, stencil: 0, acc: 0000, samples: 0/0
display  D   display_settings.c:506  _al_score_display_settings       [   0.03908] Score is : 769
display  D   display_settings.c:191  debug_display_settings           [   0.03909] color: 32 (rgba 8880), depth: 24, stencil: 0, acc: 0000, samples: 2/1
display  D   display_settings.c:506  _al_score_display_settings       [   0.03910] Score is : 598
display  D   display_settings.c:191  debug_display_settings           [   0.03912] color: 32 (rgba 8880), depth: 24, stencil: 0, acc: 0000, samples: 3/1
display  D   display_settings.c:506  _al_score_display_settings       [   0.03913] Score is : 593
display  D   display_settings.c:191  debug_display_settings           [   0.03914] color: 32 (rgba 8880), depth: 24, stencil: 0, acc: 0000, samples: 4/1
display  D   display_settings.c:506  _al_score_display_settings       [   0.03916] Score is : 589
display  D   display_settings.c:191  debug_display_settings           [   0.03917] color: 32 (rgba 8880), depth: 16, stencil: 0, acc: 0000, samples: 0/0
display  D   display_settings.c:506  _al_score_display_settings       [   0.03919] Score is : 769
display  D   display_settings.c:191  debug_display_settings           [   0.03920] color: 32 (rgba 8880), depth: 16, stencil: 0, acc: 0000, samples: 0/0
display  D   display_settings.c:506  _al_score_display_settings       [   0.03921] Score is : 769
display  D   display_settings.c:191  debug_display_settings           [   0.03923] color: 32 (rgba 8880), depth: 16, stencil: 0, acc: 0000, samples: 2/1
display  D   display_settings.c:506  _al_score_display_settings       [   0.03924] Score is : 598
display  D   display_settings.c:191  debug_display_settings           [   0.03926] color: 32 (rgba 8880), depth: 16, stencil: 0, acc: 0000, samples: 3/1
display  D   display_settings.c:506  _al_score_display_settings       [   0.03927] Score is : 593
display  D   display_settings.c:191  debug_display_settings           [   0.03928] color: 32 (rgba 8880), depth: 16, stencil: 0, acc: 0000, samples: 4/1
display  D   display_settings.c:506  _al_score_display_settings       [   0.03930] Score is : 589
display  D   display_settings.c:191  debug_display_settings           [   0.03931] color: 16 (rgba 5650), depth: 0, stencil: 0, acc: 0000, samples: 0/0
display  D   display_settings.c:506  _al_score_display_settings       [   0.03933] Score is : 769
display  D   display_settings.c:191  debug_display_settings           [   0.03935] color: 16 (rgba 5650), depth: 0, stencil: 0, acc: 0000, samples: 0/0
display  D   display_settings.c:506  _al_score_display_settings       [   0.03936] Score is : 769
display  D   display_settings.c:191  debug_display_settings           [   0.03937] color: 16 (rgba 5650), depth: 0, stencil: 0, acc: 0000, samples: 2/1
display  D   display_settings.c:506  _al_score_display_settings       [   0.03939] Score is : 598
display  D   display_settings.c:191  debug_display_settings           [   0.03940] color: 16 (rgba 5650), depth: 0, stencil: 0, acc: 0000, samples: 3/1
display  D   display_settings.c:506  _al_score_display_settings       [   0.03942] Score is : 593
display  D   display_settings.c:191  debug_display_settings           [   0.03943] color: 16 (rgba 5650), depth: 0, stencil: 0, acc: 0000, samples: 4/1
display  D   display_settings.c:506  _al_score_display_settings       [   0.03945] Score is : 589
display  D   display_settings.c:191  debug_display_settings           [   0.03946] color: 16 (rgba 5650), depth: 24, stencil: 8, acc: 0000, samples: 0/0
display  D   display_settings.c:506  _al_score_display_settings       [   0.03950] Score is : 769
display  D   display_settings.c:191  debug_display_settings           [   0.03952] color: 16 (rgba 5650), depth: 24, stencil: 8, acc: 0000, samples: 0/0
display  D   display_settings.c:506  _al_score_display_settings       [   0.03954] Score is : 769
display  D   display_settings.c:191  debug_display_settings           [   0.03955] color: 16 (rgba 5650), depth: 24, stencil: 8, acc: 0000, samples: 2/1
display  D   display_settings.c:506  _al_score_display_settings       [   0.03957] Score is : 598
display  D   display_settings.c:191  debug_display_settings           [   0.03958] color: 16 (rgba 5650), depth: 24, stencil: 8, acc: 0000, samples: 3/1
display  D   display_settings.c:506  _al_score_display_settings       [   0.03960] Score is : 593
display  D   display_settings.c:191  debug_display_settings           [   0.03961] color: 16 (rgba 5650), depth: 24, stencil: 8, acc: 0000, samples: 4/1
display  D   display_settings.c:506  _al_score_display_settings       [   0.03962] Score is : 589
display  D   display_settings.c:191  debug_display_settings           [   0.03964] color: 16 (rgba 5650), depth: 24, stencil: 0, acc: 0000, samples: 0/0
display  D   display_settings.c:506  _al_score_display_settings       [   0.03966] Score is : 769
display  D   display_settings.c:191  debug_display_settings           [   0.03968] color: 16 (rgba 5650), depth: 24, stencil: 0, acc: 0000, samples: 0/0
display  D   display_settings.c:506  _al_score_display_settings       [   0.03970] Score is : 769
display  D   display_settings.c:191  debug_display_settings           [   0.03971] color: 16 (rgba 5650), depth: 24, stencil: 0, acc: 0000, samples: 2/1
display  D   display_settings.c:506  _al_score_display_settings       [   0.03973] Score is : 598
display  D   display_settings.c:191  debug_display_settings           [   0.03975] color: 16 (rgba 5650), depth: 24, stencil: 0, acc: 0000, samples: 3/1
display  D   display_settings.c:506  _al_score_display_settings       [   0.03977] Score is : 593
display  D   display_settings.c:191  debug_display_settings           [   0.03979] color: 16 (rgba 5650), depth: 24, stencil: 0, acc: 0000, samples: 4/1
display  D   display_settings.c:506  _al_score_display_settings       [   0.03981] Score is : 589
display  D   display_settings.c:191  debug_display_settings           [   0.03982] color: 16 (rgba 5650), depth: 16, stencil: 0, acc: 0000, samples: 0/0
display  D   display_settings.c:506  _al_score_display_settings       [   0.03984] Score is : 769
display  D   display_settings.c:191  debug_display_settings           [   0.03985] color: 16 (rgba 5650), depth: 16, stencil: 0, acc: 0000, samples: 0/0
display  D   display_settings.c:506  _al_score_display_settings       [   0.03987] Score is : 769
display  D   display_settings.c:191  debug_display_settings           [   0.03988] color: 16 (rgba 5650), depth: 16, stencil: 0, acc: 0000, samples: 2/1
display  D   display_settings.c:506  _al_score_display_settings       [   0.03989] Score is : 598
display  D   display_settings.c:191  debug_display_settings           [   0.03991] color: 16 (rgba 5650), depth: 16, stencil: 0, acc: 0000, samples: 3/1
display  D   display_settings.c:506  _al_score_display_settings       [   0.03992] Score is : 593
display  D   display_settings.c:191  debug_display_settings           [   0.03993] color: 16 (rgba 5650), depth: 16, stencil: 0, acc: 0000, samples: 4/1
display  D   display_settings.c:506  _al_score_display_settings       [   0.03995] Score is : 589
display  D   display_settings.c:191  debug_display_settings           [   0.03996] color: 32 (rgba 8880), depth: 0, stencil: 0, acc: 0000, samples: 0/0
display  D   display_settings.c:377  _al_score_display_settings       [   0.03998] Single Buffer requirement not met.
display  D   display_settings.c:191  debug_display_settings           [   0.03999] color: 32 (rgba 8880), depth: 0, stencil: 0, acc: 0000, samples: 0/0
display  D   display_settings.c:377  _al_score_display_settings       [   0.04001] Single Buffer requirement not met.
display  D   display_settings.c:191  debug_display_settings           [   0.04036] color: 32 (rgba 8880), depth: 0, stencil: 0, acc: 0000, samples: 2/1
display  D   display_settings.c:377  _al_score_display_settings       [   0.04046] Single Buffer requirement not met.
display  D   display_settings.c:191  debug_display_settings           [   0.04049] color: 32 (rgba 8880), depth: 0, stencil: 0, acc: 0000, samples: 3/1
display  D   display_settings.c:377  _al_score_display_settings       [   0.04051] Single Buffer requirement not met.
display  D   display_settings.c:191  debug_display_settings           [   0.04052] color: 32 (rgba 8880), depth: 0, stencil: 0, acc: 0000, samples: 4/1
display  D   display_settings.c:377  _al_score_display_settings       [   0.04055] Single Buffer requirement not met.
display  D   display_settings.c:191  debug_display_settings           [   0.04056] color: 32 (rgba 8880), depth: 24, stencil: 8, acc: 0000, samples: 0/0
display  D   display_settings.c:377  _al_score_display_settings       [   0.04059] Single Buffer requirement not met.
display  D   display_settings.c:191  debug_display_settings           [   0.04061] color: 32 (rgba 8880), depth: 24, stencil: 8, acc: 0000, samples: 0/0
display  D   display_settings.c:377  _al_score_display_settings       [   0.04063] Single Buffer requirement not met.
display  D   display_settings.c:191  debug_display_settings           [   0.04065] color: 32 (rgba 8880), depth: 24, stencil: 8, acc: 0000, samples: 2/1
display  D   display_settings.c:377  _al_score_display_settings       [   0.04067] Single Buffer requirement not met.
display  D   display_settings.c:191  debug_display_settings           [   0.04068] color: 32 (rgba 8880), depth: 24, stencil: 8, acc: 0000, samples: 3/1
display  D   display_settings.c:377  _al_score_display_settings       [   0.04070] Single Buffer requirement not met.
display  D   display_settings.c:191  debug_display_settings           [   0.04072] color: 32 (rgba 8880), depth: 24, stencil: 8, acc: 0000, samples: 4/1
display  D   display_settings.c:377  _al_score_display_settings       [   0.04074] Single Buffer requirement not met.
display  D   display_settings.c:191  debug_display_settings           [   0.04076] color: 32 (rgba 8880), depth: 24, stencil: 0, acc: 0000, samples: 0/0
display  D   display_settings.c:377  _al_score_display_settings       [   0.04078] Single Buffer requirement not met.
display  D   display_settings.c:191  debug_display_settings           [   0.04079] color: 32 (rgba 8880), depth: 24, stencil: 0, acc: 0000, samples: 0/0
display  D   display_settings.c:377  _al_score_display_settings       [   0.04081] Single Buffer requirement not met.
display  D   display_settings.c:191  debug_display_settings           [   0.04083] color: 32 (rgba 8880), depth: 24, stencil: 0, acc: 0000, samples: 2/1
display  D   display_settings.c:377  _al_score_display_settings       [   0.04086] Single Buffer requirement not met.
display  D   display_settings.c:191  debug_display_settings           [   0.04088] color: 32 (rgba 8880), depth: 24, stencil: 0, acc: 0000, samples: 3/1
display  D   display_settings.c:377  _al_score_display_settings       [   0.04110] Single Buffer requirement not met.
display  D   display_settings.c:191  debug_display_settings           [   0.04112] color: 32 (rgba 8880), depth: 24, stencil: 0, acc: 0000, samples: 4/1
display  D   display_settings.c:377  _al_score_display_settings       [   0.04113] Single Buffer requirement not met.
display  D   display_settings.c:191  debug_display_settings           [   0.04114] color: 32 (rgba 8880), depth: 16, stencil: 0, acc: 0000, samples: 0/0
display  D   display_settings.c:377  _al_score_display_settings       [   0.04116] Single Buffer requirement not met.
display  D   display_settings.c:191  debug_display_settings           [   0.04117] color: 32 (rgba 8880), depth: 16, stencil: 0, acc: 0000, samples: 0/0
display  D   display_settings.c:377  _al_score_display_settings       [   0.04119] Single Buffer requirement not met.
display  D   display_settings.c:191  debug_display_settings           [   0.04137] color: 32 (rgba 8880), depth: 16, stencil: 0, acc: 0000, samples: 2/1
display  D   display_settings.c:377  _al_score_display_settings       [   0.04139] Single Buffer requirement not met.
display  D   display_settings.c:191  debug_display_settings           [   0.04140] color: 32 (rgba 8880), depth: 16, stencil: 0, acc: 0000, samples: 3/1
display  D   display_settings.c:377  _al_score_display_settings       [   0.04142] Single Buffer requirement not met.
display  D   display_settings.c:191  debug_display_settings           [   0.04143] color: 32 (rgba 8880), depth: 16, stencil: 0, acc: 0000, samples: 4/1
display  D   display_settings.c:377  _al_score_display_settings       [   0.04144] Single Buffer requirement not met.
display  D   display_settings.c:191  debug_display_settings           [   0.04146] color: 16 (rgba 5650), depth: 0, stencil: 0, acc: 0000, samples: 0/0
display  D   display_settings.c:377  _al_score_display_settings       [   0.04148] Single Buffer requirement not met.
display  D   display_settings.c:191  debug_display_settings           [   0.04149] color: 16 (rgba 5650), depth: 0, stencil: 0, acc: 0000, samples: 0/0
display  D   display_settings.c:377  _al_score_display_settings       [   0.04150] Single Buffer requirement not met.
display  D   display_settings.c:191  debug_display_settings           [   0.04151] color: 16 (rgba 5650), depth: 0, stencil: 0, acc: 0000, samples: 2/1
display  D   display_settings.c:377  _al_score_display_settings       [   0.04153] Single Buffer requirement not met.
display  D   display_settings.c:191  debug_display_settings           [   0.04154] color: 16 (rgba 5650), depth: 0, stencil: 0, acc: 0000, samples: 3/1
display  D   display_settings.c:377  _al_score_display_settings       [   0.04156] Single Buffer requirement not met.
display  D   display_settings.c:191  debug_display_settings           [   0.04157] color: 16 (rgba 5650), depth: 0, stencil: 0, acc: 0000, samples: 4/1
display  D   display_settings.c:377  _al_score_display_settings       [   0.04159] Single Buffer requirement not met.
display  D   display_settings.c:191  debug_display_settings           [   0.04160] color: 16 (rgba 5650), depth: 24, stencil: 8, acc: 0000, samples: 0/0
display  D   display_settings.c:377  _al_score_display_settings       [   0.04161] Single Buffer requirement not met.
display  D   display_settings.c:191  debug_display_settings           [   0.04162] color: 16 (rgba 5650), depth: 24, stencil: 8, acc: 0000, samples: 0/0
display  D   display_settings.c:377  _al_score_display_settings       [   0.04164] Single Buffer requirement not met.
display  D   display_settings.c:191  debug_display_settings           [   0.04165] color: 16 (rgba 5650), depth: 24, stencil: 8, acc: 0000, samples: 2/1
display  D   display_settings.c:377  _al_score_display_settings       [   0.04167] Single Buffer requirement not met.
display  D   display_settings.c:191  debug_display_settings           [   0.04168] color: 16 (rgba 5650), depth: 24, stencil: 8, acc: 0000, samples: 3/1
display  D   display_settings.c:377  _al_score_display_settings       [   0.04169] Single Buffer requirement not met.
display  D   display_settings.c:191  debug_display_settings           [   0.04171] color: 16 (rgba 5650), depth: 24, stencil: 8, acc: 0000, samples: 4/1
display  D   display_settings.c:377  _al_score_display_settings       [   0.04172] Single Buffer requirement not met.
display  D   display_settings.c:191  debug_display_settings           [   0.04173] color: 16 (rgba 5650), depth: 24, stencil: 0, acc: 0000, samples: 0/0
display  D   display_settings.c:377  _al_score_display_settings       [   0.04175] Single Buffer requirement not met.
display  D   display_settings.c:191  debug_display_settings           [   0.04176] color: 16 (rgba 5650), depth: 24, stencil: 0, acc: 0000, samples: 0/0
display  D   display_settings.c:377  _al_score_display_settings       [   0.04177] Single Buffer requirement not met.
display  D   display_settings.c:191  debug_display_settings           [   0.04183] color: 16 (rgba 5650), depth: 24, stencil: 0, acc: 0000, samples: 2/1
display  D   display_settings.c:377  _al_score_display_settings       [   0.04186] Single Buffer requirement not met.
display  D   display_settings.c:191  debug_display_settings           [   0.04187] color: 16 (rgba 5650), depth: 24, stencil: 0, acc: 0000, samples: 3/1
display  D   display_settings.c:377  _al_score_display_settings       [   0.04188] Single Buffer requirement not met.
display  D   display_settings.c:191  debug_display_settings           [   0.04190] color: 16 (rgba 5650), depth: 24, stencil: 0, acc: 0000, samples: 4/1
display  D   display_settings.c:377  _al_score_display_settings       [   0.04191] Single Buffer requirement not met.
display  D   display_settings.c:191  debug_display_settings           [   0.04192] color: 16 (rgba 5650), depth: 16, stencil: 0, acc: 0000, samples: 0/0
display  D   display_settings.c:377  _al_score_display_settings       [   0.04195] Single Buffer requirement not met.
display  D   display_settings.c:191  debug_display_settings           [   0.04197] color: 16 (rgba 5650), depth: 16, stencil: 0, acc: 0000, samples: 0/0
display  D   display_settings.c:377  _al_score_display_settings       [   0.04198] Single Buffer requirement not met.
display  D   display_settings.c:191  debug_display_settings           [   0.04200] color: 16 (rgba 5650), depth: 16, stencil: 0, acc: 0000, samples: 2/1
display  D   display_settings.c:377  _al_score_display_settings       [   0.04201] Single Buffer requirement not met.
display  D   display_settings.c:191  debug_display_settings           [   0.04202] color: 16 (rgba 5650), depth: 16, stencil: 0, acc: 0000, samples: 3/1
display  D   display_settings.c:377  _al_score_display_settings       [   0.04204] Single Buffer requirement not met.
display  D   display_settings.c:191  debug_display_settings           [   0.04205] color: 16 (rgba 5650), depth: 16, stencil: 0, acc: 0000, samples: 4/1
display  D   display_settings.c:377  _al_score_display_settings       [   0.04207] Single Buffer requirement not met.
d3d      D         d3d_disp.cpp:1645 d3d_create_display_internals     [   0.04212] Trying format 0.
d3d      I         d3d_disp.cpp:1326 d3d_display_thread_proc          [   0.04242] Chose a display format: 23
d3d      I         d3d_disp.cpp:1395 d3d_display_thread_proc          [   0.04246] Normal window.
d3d      I         d3d_disp.cpp:801  d3d_create_device                [   0.05314] Using no depth stencil buffer
d3d      D         d3d_disp.cpp:866  d3d_create_device                [   0.08199] BeginScene succeeded in create_device
d3d      D         d3d_disp.cpp:874  d3d_create_device                [   0.08202] Success
d3d      D         d3d_disp.cpp:1668 d3d_create_display_internals     [   0.08205] Resumed after wait.
d3d      I         d3d_disp.cpp:1701 d3d_create_display_internals     [   0.08211] Format 0 succeeded.
d3d      D         d3d_disp.cpp:1724 d3d_create_display_internals     [   0.08213] Returning d3d_display: 0144EF68
d3d      D         d3d_disp.cpp:1749 d3d_create_display_locked        [   0.08215] al_display=0144EF68
d3d      D         d3d_disp.cpp:1750 d3d_create_display_locked        [   0.08216] al_display->vt=014816A0
font     D                ttf.c:792  al_load_ttf_font_stretch_f       [   0.08521] Font Resources/font.ttf loaded with pixel size 0 x 60.
font     D                ttf.c:794  al_load_ttf_font_stretch_f       [   0.08524]     ascent=57.0, descent=5.0, height=60.0
dtor     D               dtor.c:184  _al_register_destructor          [   0.08527] added dtor for object 03714A98, func 54591B3B
font     D                ttf.c:792  al_load_ttf_font_stretch_f       [   0.08549] Font Resources/font.ttf loaded with pixel size 0 x 48.
font     D                ttf.c:794  al_load_ttf_font_stretch_f       [   0.08551]     ascent=45.0, descent=4.0, height=48.0
dtor     D               dtor.c:184  _al_register_destructor          [   0.08554] added dtor for object 03B74FD0, func 54591B3B
font     D                ttf.c:792  al_load_ttf_font_stretch_f       [   0.08576] Font Resources/font.ttf loaded with pixel size 0 x 12.
font     D                ttf.c:794  al_load_ttf_font_stretch_f       [   0.08578]     ascent=12.0, descent=1.0, height=12.0
dtor     D               dtor.c:184  _al_register_destructor          [   0.08580] added dtor for object 03B75270, func 54591B3B
dtor     D               dtor.c:184  _al_register_destructor          [   0.08582] added dtor for object 03B7BAB8, func 545927A7
dtor     D               dtor.c:184  _al_register_destructor          [   0.08584] added dtor for object 03B77208, func 545924D2
d3d      D         d3d_disp.cpp:1166 real_choose_bitmap_format        [   0.12174] Fake format
d3d      D         d3d_disp.cpp:1166 real_choose_bitmap_format        [   0.12176] Fake format
d3d      D         d3d_disp.cpp:1166 real_choose_bitmap_format        [   0.12177] Fake format
d3d      D         d3d_disp.cpp:1166 real_choose_bitmap_format        [   0.12178] Fake format
d3d      D         d3d_disp.cpp:1166 real_choose_bitmap_format        [   0.12179] Fake format
d3d      D         d3d_disp.cpp:1166 real_choose_bitmap_format        [   0.12179] Fake format
d3d      D         d3d_disp.cpp:1166 real_choose_bitmap_format        [   0.12180] Fake format
d3d      D         d3d_disp.cpp:1166 real_choose_bitmap_format        [   0.12181] Fake format
d3d      D         d3d_disp.cpp:1166 real_choose_bitmap_format        [   0.12182] Fake format
d3d      D         d3d_disp.cpp:1174 real_choose_bitmap_format        [   0.12182] Alpha doesn't match
d3d      D         d3d_disp.cpp:1181 real_choose_bitmap_format        [   0.12183] Adapter format is 23
d3d      D         d3d_disp.cpp:1184 real_choose_bitmap_format        [   0.12184] Found a format
d3d      I         d3d_disp.cpp:2283 _al_d3d_create_bitmap            [   0.12185] Chose bitmap format 9
font     D                ttf.c:217  alloc_glyph_region               [   0.12250] Glyph 15: 28x44 (28x44)
d3d      D          d3d_bmp.cpp:467  _al_d3d_sync_bitmap              [   0.12300] _al_d3d_sync_bitmap (system) ref count == 1
d3d      D          d3d_bmp.cpp:473  _al_d3d_sync_bitmap              [   0.12304] _al_d3d_sync_bitmap (video) ref count == 2
font     D                ttf.c:406  cache_glyph                      [   0.12621] Glyph 3 has zero size.
font     D                ttf.c:217  alloc_glyph_region               [   0.12712] Glyph 54: 28x43 (28x44)
d3d      D          d3d_bmp.cpp:467  _al_d3d_sync_bitmap              [   0.12716] _al_d3d_sync_bitmap (system) ref count == 1
d3d      D          d3d_bmp.cpp:473  _al_d3d_sync_bitmap              [   0.12717] _al_d3d_sync_bitmap (video) ref count == 2
font     D                ttf.c:217  alloc_glyph_region               [   0.13045] Glyph 40: 33x43 (36x44)
d3d      D          d3d_bmp.cpp:467  _al_d3d_sync_bitmap              [   0.13052] _al_d3d_sync_bitmap (system) ref count == 1
d3d      D          d3d_bmp.cpp:473  _al_d3d_sync_bitmap              [   0.13054] _al_d3d_sync_bitmap (video) ref count == 2
font     D                ttf.c:217  alloc_glyph_region               [   0.13201] Glyph 43: 26x43 (28x44)
d3d      D          d3d_bmp.cpp:467  _al_d3d_sync_bitmap              [   0.13207] _al_d3d_sync_bitmap (system) ref count == 1
d3d      D          d3d_bmp.cpp:473  _al_d3d_sync_bitmap              [   0.13208] _al_d3d_sync_bitmap (video) ref count == 2
font     D                ttf.c:217  alloc_glyph_region               [   0.13351] Glyph 21: 30x44 (32x44)
d3d      D          d3d_bmp.cpp:467  _al_d3d_sync_bitmap              [   0.13357] _al_d3d_sync_bitmap (system) ref count == 1
d3d      D          d3d_bmp.cpp:473  _al_d3d_sync_bitmap              [   0.13358] _al_d3d_sync_bitmap (video) ref count == 2
font     D                ttf.c:217  alloc_glyph_region               [   0.13508] Glyph 60: 28x41 (28x44)
d3d      D          d3d_bmp.cpp:467  _al_d3d_sync_bitmap              [   0.13514] _al_d3d_sync_bitmap (system) ref count == 1
d3d      D          d3d_bmp.cpp:473  _al_d3d_sync_bitmap              [   0.13516] _al_d3d_sync_bitmap (video) ref count == 2
font     D                ttf.c:217  alloc_glyph_region               [   0.13657] Glyph 53: 30x42 (32x44)
d3d      D          d3d_bmp.cpp:467  _al_d3d_sync_bitmap              [   0.13663] _al_d3d_sync_bitmap (system) ref count == 1
d3d      D          d3d_bmp.cpp:473  _al_d3d_sync_bitmap              [   0.13664] _al_d3d_sync_bitmap (video) ref count == 2
font     D                ttf.c:217  alloc_glyph_region               [   0.13777] Glyph 44: 23x42 (24x44)
d3d      D          d3d_bmp.cpp:467  _al_d3d_sync_bitmap              [   0.13819] _al_d3d_sync_bitmap (system) ref count == 1
d3d      D          d3d_bmp.cpp:473  _al_d3d_sync_bitmap              [   0.13821] _al_d3d_sync_bitmap (video) ref count == 2
font     D                ttf.c:217  alloc_glyph_region               [   0.14013] Glyph 57: 29x42 (32x44)
d3d      D          d3d_bmp.cpp:467  _al_d3d_sync_bitmap              [   0.14036] _al_d3d_sync_bitmap (system) ref count == 1
d3d      D          d3d_bmp.cpp:473  _al_d3d_sync_bitmap              [   0.14038] _al_d3d_sync_bitmap (video) ref count == 2
d3d      D         d3d_disp.cpp:1166 real_choose_bitmap_format        [   0.14422] Fake format
d3d      D         d3d_disp.cpp:1166 real_choose_bitmap_format        [   0.14425] Fake format
d3d      D         d3d_disp.cpp:1166 real_choose_bitmap_format        [   0.14425] Fake format
d3d      D         d3d_disp.cpp:1166 real_choose_bitmap_format        [   0.14426] Fake format
d3d      D         d3d_disp.cpp:1166 real_choose_bitmap_format        [   0.14427] Fake format
d3d      D         d3d_disp.cpp:1166 real_choose_bitmap_format        [   0.14428] Fake format
d3d      D         d3d_disp.cpp:1166 real_choose_bitmap_format        [   0.14428] Fake format
d3d      D         d3d_disp.cpp:1166 real_choose_bitmap_format        [   0.14429] Fake format
d3d      D         d3d_disp.cpp:1166 real_choose_bitmap_format        [   0.14430] Fake format
d3d      D         d3d_disp.cpp:1174 real_choose_bitmap_format        [   0.14430] Alpha doesn't match
d3d      D         d3d_disp.cpp:1181 real_choose_bitmap_format        [   0.14431] Adapter format is 23
d3d      D         d3d_disp.cpp:1184 real_choose_bitmap_format        [   0.14432] Found a format
d3d      I         d3d_disp.cpp:2283 _al_d3d_create_bitmap            [   0.14433] Chose bitmap format 9
font     D                ttf.c:217  alloc_glyph_region               [   0.14480] Glyph 55: 24x33 (24x36)
d3d      D          d3d_bmp.cpp:467  _al_d3d_sync_bitmap              [   0.14487] _al_d3d_sync_bitmap (system) ref count == 1
d3d      D          d3d_bmp.cpp:473  _al_d3d_sync_bitmap              [   0.14488] _al_d3d_sync_bitmap (video) ref count == 2
font     D                ttf.c:217  alloc_glyph_region               [   0.14665] Glyph 57: 24x35 (24x36)
d3d      D          d3d_bmp.cpp:467  _al_d3d_sync_bitmap              [   0.14716] _al_d3d_sync_bitmap (system) ref count == 1
d3d      D          d3d_bmp.cpp:473  _al_d3d_sync_bitmap              [   0.14718] _al_d3d_sync_bitmap (video) ref count == 2
font     D                ttf.c:217  alloc_glyph_region               [   0.14863] Glyph 44: 20x34 (20x36)
d3d      D          d3d_bmp.cpp:467  _al_d3d_sync_bitmap              [   0.14870] _al_d3d_sync_bitmap (system) ref count == 1
d3d      D          d3d_bmp.cpp:473  _al_d3d_sync_bitmap              [   0.14872] _al_d3d_sync_bitmap (video) ref count == 2
font     D                ttf.c:217  alloc_glyph_region               [   0.15018] Glyph 58: 22x36 (24x36)
d3d      D          d3d_bmp.cpp:467  _al_d3d_sync_bitmap              [   0.15026] _al_d3d_sync_bitmap (system) ref count == 1
d3d      D          d3d_bmp.cpp:473  _al_d3d_sync_bitmap              [   0.15027] _al_d3d_sync_bitmap (video) ref count == 2
font     D                ttf.c:406  cache_glyph                      [   0.15092] Glyph 3 has zero size.
font     D                ttf.c:217  alloc_glyph_region               [   0.15167] Glyph 40: 28x35 (28x36)
d3d      D          d3d_bmp.cpp:467  _al_d3d_sync_bitmap              [   0.15172] _al_d3d_sync_bitmap (system) ref count == 1
d3d      D          d3d_bmp.cpp:473  _al_d3d_sync_bitmap              [   0.15173] _al_d3d_sync_bitmap (video) ref count == 2
font     D                ttf.c:217  alloc_glyph_region               [   0.15294] Glyph 42: 22x36 (24x36)
d3d      D          d3d_bmp.cpp:467  _al_d3d_sync_bitmap              [   0.15300] _al_d3d_sync_bitmap (system) ref count == 1
d3d      D          d3d_bmp.cpp:473  _al_d3d_sync_bitmap              [   0.15301] _al_d3d_sync_bitmap (video) ref count == 2
font     D                ttf.c:217  alloc_glyph_region               [   0.15413] Glyph 59: 20x33 (20x36)
d3d      D          d3d_bmp.cpp:467  _al_d3d_sync_bitmap              [   0.15419] _al_d3d_sync_bitmap (system) ref count == 1
d3d      D          d3d_bmp.cpp:473  _al_d3d_sync_bitmap              [   0.15420] _al_d3d_sync_bitmap (video) ref count == 2
font     D                ttf.c:217  alloc_glyph_region               [   0.15558] Glyph 54: 23x36 (24x36)
d3d      D          d3d_bmp.cpp:467  _al_d3d_sync_bitmap              [   0.15569] _al_d3d_sync_bitmap (system) ref count == 1
d3d      D          d3d_bmp.cpp:473  _al_d3d_sync_bitmap              [   0.15570] _al_d3d_sync_bitmap (video) ref count == 2
font     D                ttf.c:217  alloc_glyph_region               [   0.15718] Glyph 51: 21x33 (24x36)
d3d      D          d3d_bmp.cpp:467  _al_d3d_sync_bitmap              [   0.15736] _al_d3d_sync_bitmap (system) ref count == 1
d3d      D          d3d_bmp.cpp:473  _al_d3d_sync_bitmap              [   0.15738] _al_d3d_sync_bitmap (video) ref count == 2
font     D                ttf.c:217  alloc_glyph_region               [   0.15902] Glyph 64: 27x34 (28x36)
d3d      D          d3d_bmp.cpp:467  _al_d3d_sync_bitmap              [   0.15920] _al_d3d_sync_bitmap (system) ref count == 1
d3d      D          d3d_bmp.cpp:473  _al_d3d_sync_bitmap              [   0.15922] _al_d3d_sync_bitmap (video) ref count == 2
font     D                ttf.c:217  alloc_glyph_region               [   0.16161] Glyph 53: 25x34 (28x36)
d3d      D          d3d_bmp.cpp:467  _al_d3d_sync_bitmap              [   0.16173] _al_d3d_sync_bitmap (system) ref count == 1
d3d      D          d3d_bmp.cpp:473  _al_d3d_sync_bitmap              [   0.16174] _al_d3d_sync_bitmap (video) ref count == 2
font     D                ttf.c:217  alloc_glyph_region               [   0.16337] Glyph 43: 22x35 (24x36)
d3d      D          d3d_bmp.cpp:467  _al_d3d_sync_bitmap              [   0.16350] _al_d3d_sync_bitmap (system) ref count == 1
d3d      D          d3d_bmp.cpp:473  _al_d3d_sync_bitmap              [   0.16351] _al_d3d_sync_bitmap (video) ref count == 2
font     D                ttf.c:217  alloc_glyph_region               [   0.16473] Glyph 63: 30x34 (32x36)
d3d      D          d3d_bmp.cpp:467  _al_d3d_sync_bitmap              [   0.16486] _al_d3d_sync_bitmap (system) ref count == 1
d3d      D          d3d_bmp.cpp:473  _al_d3d_sync_bitmap              [   0.16488] _al_d3d_sync_bitmap (video) ref count == 2
font     D                ttf.c:217  alloc_glyph_region               [   0.16580] Glyph 48: 10x33 (12x36)
d3d      D          d3d_bmp.cpp:467  _al_d3d_sync_bitmap              [   0.16590] _al_d3d_sync_bitmap (system) ref count == 1
d3d      D          d3d_bmp.cpp:473  _al_d3d_sync_bitmap              [   0.16591] _al_d3d_sync_bitmap (video) ref count == 2
d3d      D          d3d_bmp.cpp:467  _al_d3d_sync_bitmap              [   0.17129] _al_d3d_sync_bitmap (system) ref count == 1
d3d      D          d3d_bmp.cpp:473  _al_d3d_sync_bitmap              [   0.17134] _al_d3d_sync_bitmap (video) ref count == 2
d3d      D          d3d_bmp.cpp:467  _al_d3d_sync_bitmap              [   0.17175] _al_d3d_sync_bitmap (system) ref count == 1
d3d      D          d3d_bmp.cpp:473  _al_d3d_sync_bitmap              [   0.17178] _al_d3d_sync_bitmap (video) ref count == 2
d3d      D         d3d_disp.cpp:1166 real_choose_bitmap_format        [   1.08763] Fake format
d3d      D         d3d_disp.cpp:1166 real_choose_bitmap_format        [   1.08768] Fake format
d3d      D         d3d_disp.cpp:1166 real_choose_bitmap_format        [   1.08770] Fake format
d3d      D         d3d_disp.cpp:1166 real_choose_bitmap_format        [   1.08772] Fake format
d3d      D         d3d_disp.cpp:1166 real_choose_bitmap_format        [   1.08774] Fake format
d3d      D         d3d_disp.cpp:1166 real_choose_bitmap_format        [   1.08776] Fake format
d3d      D         d3d_disp.cpp:1166 real_choose_bitmap_format        [   1.08778] Fake format
d3d      D         d3d_disp.cpp:1166 real_choose_bitmap_format        [   1.08780] Fake format
d3d      D         d3d_disp.cpp:1166 real_choose_bitmap_format        [   1.08782] Fake format
d3d      D         d3d_disp.cpp:1174 real_choose_bitmap_format        [   1.08784] Alpha doesn't match
d3d      D         d3d_disp.cpp:1181 real_choose_bitmap_format        [   1.08786] Adapter format is 23
d3d      D         d3d_disp.cpp:1184 real_choose_bitmap_format        [   1.08788] Found a format
d3d      I         d3d_disp.cpp:2283 _al_d3d_create_bitmap            [   1.08790] Chose bitmap format 9
dtor     D               dtor.c:184  _al_register_destructor          [   1.08842] added dtor for object 03AA80C8, func 54592595
d3d      D          d3d_bmp.cpp:467  _al_d3d_sync_bitmap              [   1.08913] _al_d3d_sync_bitmap (system) ref count == 1
d3d      D          d3d_bmp.cpp:473  _al_d3d_sync_bitmap              [   1.08925] _al_d3d_sync_bitmap (video) ref count == 1
d3d      D         d3d_disp.cpp:1166 real_choose_bitmap_format        [   1.09117] Fake format
d3d      D         d3d_disp.cpp:1166 real_choose_bitmap_format        [   1.09121] Fake format
d3d      D         d3d_disp.cpp:1166 real_choose_bitmap_format        [   1.09123] Fake format
d3d      D         d3d_disp.cpp:1166 real_choose_bitmap_format        [   1.09126] Fake format
d3d      D         d3d_disp.cpp:1166 real_choose_bitmap_format        [   1.09128] Fake format
d3d      D         d3d_disp.cpp:1166 real_choose_bitmap_format        [   1.09130] Fake format
d3d      D         d3d_disp.cpp:1166 real_choose_bitmap_format        [   1.09132] Fake format
d3d      D         d3d_disp.cpp:1166 real_choose_bitmap_format        [   1.09133] Fake format
d3d      D         d3d_disp.cpp:1166 real_choose_bitmap_format        [   1.09135] Fake format
d3d      D         d3d_disp.cpp:1174 real_choose_bitmap_format        [   1.09137] Alpha doesn't match
d3d      D         d3d_disp.cpp:1181 real_choose_bitmap_format        [   1.09139] Adapter format is 23
d3d      D         d3d_disp.cpp:1184 real_choose_bitmap_format        [   1.09142] Found a format
d3d      I         d3d_disp.cpp:2283 _al_d3d_create_bitmap            [   1.09144] Chose bitmap format 9
dtor     D               dtor.c:184  _al_register_destructor          [   1.09220] added dtor for object 03AA8CC8, func 54592595
d3d      D          d3d_bmp.cpp:467  _al_d3d_sync_bitmap              [   1.09343] _al_d3d_sync_bitmap (system) ref count == 1
d3d      D          d3d_bmp.cpp:473  _al_d3d_sync_bitmap              [   1.09349] _al_d3d_sync_bitmap (video) ref count == 1
d3d      D          d3d_bmp.cpp:467  _al_d3d_sync_bitmap              [   1.09594] _al_d3d_sync_bitmap (system) ref count == 1
d3d      D          d3d_bmp.cpp:473  _al_d3d_sync_bitmap              [   1.09599] _al_d3d_sync_bitmap (video) ref count == 1
d3d      D         d3d_disp.cpp:1166 real_choose_bitmap_format        [   1.10238] Fake format
d3d      D         d3d_disp.cpp:1166 real_choose_bitmap_format        [   1.10242] Fake format
d3d      D         d3d_disp.cpp:1166 real_choose_bitmap_format        [   1.10244] Fake format
d3d      D         d3d_disp.cpp:1166 real_choose_bitmap_format        [   1.10246] Fake format
d3d      D         d3d_disp.cpp:1166 real_choose_bitmap_format        [   1.10249] Fake format
d3d      D         d3d_disp.cpp:1166 real_choose_bitmap_format        [   1.10251] Fake format
d3d      D         d3d_disp.cpp:1166 real_choose_bitmap_format        [   1.10253] Fake format
d3d      D         d3d_disp.cpp:1166 real_choose_bitmap_format        [   1.10255] Fake format
d3d      D         d3d_disp.cpp:1166 real_choose_bitmap_format        [   1.10257] Fake format
d3d      D         d3d_disp.cpp:1174 real_choose_bitmap_format        [   1.10259] Alpha doesn't match
d3d      D         d3d_disp.cpp:1181 real_choose_bitmap_format        [   1.10261] Adapter format is 23
d3d      D         d3d_disp.cpp:1184 real_choose_bitmap_format        [   1.10264] Found a format
d3d      I         d3d_disp.cpp:2283 _al_d3d_create_bitmap            [   1.10266] Chose bitmap format 9
dtor     D               dtor.c:184  _al_register_destructor          [   1.10340] added dtor for object 03AA90C8, func 54592595
d3d      D          d3d_bmp.cpp:467  _al_d3d_sync_bitmap              [   1.10431] _al_d3d_sync_bitmap (system) ref count == 1
d3d      D          d3d_bmp.cpp:473  _al_d3d_sync_bitmap              [   1.10436] _al_d3d_sync_bitmap (video) ref count == 1
d3d      D          d3d_bmp.cpp:467  _al_d3d_sync_bitmap              [   1.10814] _al_d3d_sync_bitmap (system) ref count == 1
d3d      D          d3d_bmp.cpp:473  _al_d3d_sync_bitmap              [   1.10819] _al_d3d_sync_bitmap (video) ref count == 1
d3d      D         d3d_disp.cpp:1166 real_choose_bitmap_format        [   1.11577] Fake format
d3d      D         d3d_disp.cpp:1166 real_choose_bitmap_format        [   1.11581] Fake format
d3d      D         d3d_disp.cpp:1166 real_choose_bitmap_format        [   1.11584] Fake format
d3d      D         d3d_disp.cpp:1166 real_choose_bitmap_format        [   1.11586] Fake format
d3d      D         d3d_disp.cpp:1166 real_choose_bitmap_format        [   1.11588] Fake format
d3d      D         d3d_disp.cpp:1166 real_choose_bitmap_format        [   1.11590] Fake format
d3d      D         d3d_disp.cpp:1166 real_choose_bitmap_format        [   1.11592] Fake format
d3d      D         d3d_disp.cpp:1166 real_choose_bitmap_format        [   1.11594] Fake format
d3d      D         d3d_disp.cpp:1166 real_choose_bitmap_format        [   1.11596] Fake format
d3d      D         d3d_disp.cpp:1174 real_choose_bitmap_format        [   1.11597] Alpha doesn't match
d3d      D         d3d_disp.cpp:1181 real_choose_bitmap_format        [   1.11600] Adapter format is 23
d3d      D         d3d_disp.cpp:1184 real_choose_bitmap_format        [   1.11602] Found a format
d3d      I         d3d_disp.cpp:2283 _al_d3d_create_bitmap            [   1.11604] Chose bitmap format 9
dtor     D               dtor.c:184  _al_register_destructor          [   1.11657] added dtor for object 03AA81C8, func 54592595
d3d      D          d3d_bmp.cpp:467  _al_d3d_sync_bitmap              [   1.11700] _al_d3d_sync_bitmap (system) ref count == 1
d3d      D          d3d_bmp.cpp:473  _al_d3d_sync_bitmap              [   1.11705] _al_d3d_sync_bitmap (video) ref count == 1
font     D                ttf.c:217  alloc_glyph_region               [   1.53336] Glyph 21: 25x36 (28x36)
d3d      D          d3d_bmp.cpp:467  _al_d3d_sync_bitmap              [   1.53339] _al_d3d_sync_bitmap (system) ref count == 1
d3d      D          d3d_bmp.cpp:473  _al_d3d_sync_bitmap              [   1.53340] _al_d3d_sync_bitmap (video) ref count == 2
font     D                ttf.c:217  alloc_glyph_region               [   1.53606] Glyph 8: 20x36 (20x36)
d3d      D          d3d_bmp.cpp:467  _al_d3d_sync_bitmap              [   1.53617] _al_d3d_sync_bitmap (system) ref count == 1
d3d      D          d3d_bmp.cpp:473  _al_d3d_sync_bitmap              [   1.53618] _al_d3d_sync_bitmap (video) ref count == 2
font     D                ttf.c:217  alloc_glyph_region               [   1.53773] Glyph 16: 31x36 (32x36)
d3d      D          d3d_bmp.cpp:467  _al_d3d_sync_bitmap              [   1.53782] _al_d3d_sync_bitmap (system) ref count == 1
d3d      D          d3d_bmp.cpp:473  _al_d3d_sync_bitmap              [   1.53784] _al_d3d_sync_bitmap (video) ref count == 2
font     D                ttf.c:217  alloc_glyph_region               [   1.53960] Glyph 4: 31x39 (32x40)
d3d      D          d3d_bmp.cpp:467  _al_d3d_sync_bitmap              [   1.53979] _al_d3d_sync_bitmap (system) ref count == 1
d3d      D          d3d_bmp.cpp:473  _al_d3d_sync_bitmap              [   1.53982] _al_d3d_sync_bitmap (video) ref count == 2
font     D                ttf.c:217  alloc_glyph_region               [   1.54135] Glyph 12: 10x36 (12x36)
d3d      D          d3d_bmp.cpp:467  _al_d3d_sync_bitmap              [   1.54147] _al_d3d_sync_bitmap (system) ref count == 1
d3d      D          d3d_bmp.cpp:473  _al_d3d_sync_bitmap              [   1.54148] _al_d3d_sync_bitmap (video) ref count == 2
font     D                ttf.c:217  alloc_glyph_region               [   1.54310] Glyph 17: 27x38 (28x40)
d3d      D          d3d_bmp.cpp:467  _al_d3d_sync_bitmap              [   1.54321] _al_d3d_sync_bitmap (system) ref count == 1
d3d      D          d3d_bmp.cpp:473  _al_d3d_sync_bitmap              [   1.54322] _al_d3d_sync_bitmap (video) ref count == 2
font     D                ttf.c:217  alloc_glyph_region               [   1.54476] Glyph 10: 23x39 (24x40)
d3d      D          d3d_bmp.cpp:467  _al_d3d_sync_bitmap              [   1.54486] _al_d3d_sync_bitmap (system) ref count == 1
d3d      D          d3d_bmp.cpp:473  _al_d3d_sync_bitmap              [   1.54488] _al_d3d_sync_bitmap (video) ref count == 2
font     D                ttf.c:217  alloc_glyph_region               [   1.54628] Glyph 23: 22x36 (24x36)
d3d      D          d3d_bmp.cpp:467  _al_d3d_sync_bitmap              [   1.54642] _al_d3d_sync_bitmap (system) ref count == 1
d3d      D          d3d_bmp.cpp:473  _al_d3d_sync_bitmap              [   1.54643] _al_d3d_sync_bitmap (video) ref count == 2
font     D                ttf.c:217  alloc_glyph_region               [   1.54815] Glyph 22: 24x38 (24x40)
d3d      D          d3d_bmp.cpp:467  _al_d3d_sync_bitmap              [   1.54828] _al_d3d_sync_bitmap (system) ref count == 1
d3d      D          d3d_bmp.cpp:473  _al_d3d_sync_bitmap              [   1.54829] _al_d3d_sync_bitmap (video) ref count == 2
font     D                ttf.c:217  alloc_glyph_region               [   1.54994] Glyph 24: 26x37 (28x40)
d3d      D          d3d_bmp.cpp:467  _al_d3d_sync_bitmap              [   1.55004] _al_d3d_sync_bitmap (system) ref count == 1
d3d      D          d3d_bmp.cpp:473  _al_d3d_sync_bitmap              [   1.55005] _al_d3d_sync_bitmap (video) ref count == 2
font     D                ttf.c:217  alloc_glyph_region               [   1.55126] Glyph 30: 13x36 (16x36)
d3d      D          d3d_bmp.cpp:467  _al_d3d_sync_bitmap              [   1.55141] _al_d3d_sync_bitmap (system) ref count == 1
d3d      D          d3d_bmp.cpp:473  _al_d3d_sync_bitmap              [   1.55142] _al_d3d_sync_bitmap (video) ref count == 2
font     D                ttf.c:217  alloc_glyph_region               [   1.55419] Glyph 39: 23x41 (24x44)
d3d      D          d3d_bmp.cpp:467  _al_d3d_sync_bitmap              [   1.55432] _al_d3d_sync_bitmap (system) ref count == 1
d3d      D          d3d_bmp.cpp:473  _al_d3d_sync_bitmap              [   1.55433] _al_d3d_sync_bitmap (video) ref count == 2
d3d      D          d3d_bmp.cpp:467  _al_d3d_sync_bitmap              [   1.55583] _al_d3d_sync_bitmap (system) ref count == 1
d3d      D          d3d_bmp.cpp:473  _al_d3d_sync_bitmap              [   1.55589] _al_d3d_sync_bitmap (video) ref count == 2
d3d      D          d3d_bmp.cpp:467  _al_d3d_sync_bitmap              [   1.55667] _al_d3d_sync_bitmap (system) ref count == 1
d3d      D          d3d_bmp.cpp:473  _al_d3d_sync_bitmap              [   1.55670] _al_d3d_sync_bitmap (video) ref count == 1
d3d      D          d3d_bmp.cpp:467  _al_d3d_sync_bitmap              [   1.55732] _al_d3d_sync_bitmap (system) ref count == 1
d3d      D          d3d_bmp.cpp:473  _al_d3d_sync_bitmap              [   1.55736] _al_d3d_sync_bitmap (video) ref count == 2
d3d      D          d3d_bmp.cpp:467  _al_d3d_sync_bitmap              [   1.55794] _al_d3d_sync_bitmap (system) ref count == 1
d3d      D          d3d_bmp.cpp:473  _al_d3d_sync_bitmap              [   1.55796] _al_d3d_sync_bitmap (video) ref count == 2
d3d      D          d3d_bmp.cpp:467  _al_d3d_sync_bitmap              [   1.55848] _al_d3d_sync_bitmap (system) ref count == 1
d3d      D          d3d_bmp.cpp:473  _al_d3d_sync_bitmap              [   1.55850] _al_d3d_sync_bitmap (video) ref count == 1
dtor     D               dtor.c:214  _al_unregister_destructor        [   2.43346] removed dtor for object 03AA8CC8
d3d      W          d3d_bmp.cpp:743  d3d_destroy_bitmap               [   2.43353] d3d_destroy_bitmap: Release video texture failed.
dtor     D               dtor.c:214  _al_unregister_destructor        [   2.43373] removed dtor for object 03AA90C8
d3d      W          d3d_bmp.cpp:743  d3d_destroy_bitmap               [   2.43378] d3d_destroy_bitmap: Release video texture failed.
dtor     D               dtor.c:214  _al_unregister_destructor        [   2.43384] removed dtor for object 03AA80C8
dtor     D               dtor.c:214  _al_unregister_destructor        [   2.43395] removed dtor for object 03AA81C8
dtor     D               dtor.c:214  _al_unregister_destructor        [   3.53436] removed dtor for object 03714A98
d3d      W          d3d_bmp.cpp:743  d3d_destroy_bitmap               [   3.53470] d3d_destroy_bitmap: Release video texture failed.
dtor     D               dtor.c:214  _al_unregister_destructor        [   3.53504] removed dtor for object 03B74FD0
d3d      W          d3d_bmp.cpp:743  d3d_destroy_bitmap               [   3.53522] d3d_destroy_bitmap: Release video texture failed.
dtor     D               dtor.c:214  _al_unregister_destructor        [   3.53550] removed dtor for object 03B75270
dtor     D               dtor.c:214  _al_unregister_destructor        [   3.53561] removed dtor for object 03B7BAB8
dtor     D               dtor.c:214  _al_unregister_destructor        [   3.56779] removed dtor for object 03B77208
d3d      I         d3d_disp.cpp:921  d3d_destroy_display              [   3.56789] destroying display 0144EF68 (current 00000000)
d3d      D         d3d_disp.cpp:905  d3d_destroy_display_internals    [   3.56796] waiting for display 0144EF68's thread to end
d3d      W         d3d_disp.cpp:617  d3d_destroy_device               [   3.59074] d3d_destroy_device: ref count not 0
d3d      I         d3d_disp.cpp:1527 d3d_display_thread_proc          [   3.62197] d3d display thread exits
