Build started 2/12/2016 11:28:47 AM.
     1>Project "C:\Users\BSP-B.Tech\Documents\Visual Studio 2012\Projects\Load Runner 1.0\Load Runner 1.0\Load Runner 1.0.vcxproj" on node 2 (Build target(s)).
     1>ClCompile:
         C:\Program Files (x86)\Microsoft Visual Studio 11.0\VC\bin\CL.exe /c /Zi /nologo /W3 /WX- /O2 /Oi /Oy- /GL /D _MBCS /Gm- /EHsc /MD /GS /Gy /fp:precise /Zc:wchar_t /Zc:forScope /Fo"Release\\" /Fd"Release\vc110.pdb" /Gd /TP /analyze- /errorReport:prompt ActivityGame.cpp Enemy.cpp GameManager.cpp StartMenuAct.cpp
         ActivityGame.cpp
         Enemy.cpp
     1>Enemy.cpp(35): warning C4258: 'row' : definition from the for loop is ignored; the definition from the enclosing scope is used
                 Enemy.cpp(16) : definition of 'row' ignored
                 c:\users\bsp-b.tech\documents\visual studio 2012\projects\load runner 1.0\load runner 1.0\Enemy.h(30) : definition of 'Enemy::row' used
     1>Enemy.cpp(65): warning C4258: 'row' : definition from the for loop is ignored; the definition from the enclosing scope is used
                 Enemy.cpp(16) : definition of 'row' ignored
                 c:\users\bsp-b.tech\documents\visual studio 2012\projects\load runner 1.0\load runner 1.0\Enemy.h(30) : definition of 'Enemy::row' used
         GameManager.cpp
         StartMenuAct.cpp
       Link:
         C:\Program Files (x86)\Microsoft Visual Studio 11.0\VC\bin\link.exe /ERRORREPORT:PROMPT /OUT:"C:\Users\BSP-B.Tech\Documents\Visual Studio 2012\Projects\Load Runner 1.0\Release\Load Runner 1.0.exe" /NOLOGO kernel32.lib user32.lib gdi32.lib winspool.lib comdlg32.lib advapi32.lib shell32.lib ole32.lib oleaut32.lib uuid.lib odbc32.lib odbccp32.lib /MANIFEST /MANIFESTUAC:"level='asInvoker' uiAccess='false'" /manifest:embed /DEBUG /PDB:"C:\Users\BSP-B.Tech\Documents\Visual Studio 2012\Projects\Load Runner 1.0\Release\Load Runner 1.0.pdb" /OPT:REF /OPT:ICF /LTCG /TLBID:1 /DYNAMICBASE /NXCOMPAT /IMPLIB:"C:\Users\BSP-B.Tech\Documents\Visual Studio 2012\Projects\Load Runner 1.0\Release\Load Runner 1.0.lib" /MACHINE:X86 /SAFESEH Release\ActivityGame.obj
         Release\Enemy.obj
         Release\GameManager.obj
         Release\GameOverAct.obj
         Release\GameWonAct.obj
         Release\Main.obj
         Release\Map.obj
         Release\MenuParent.obj
         Release\Player.obj
         Release\StartMenuAct.obj
         Generating code
         Finished generating code
         Load Runner 1.0.vcxproj -> C:\Users\BSP-B.Tech\Documents\Visual Studio 2012\Projects\Load Runner 1.0\Release\Load Runner 1.0.exe
     1>Done Building Project "C:\Users\BSP-B.Tech\Documents\Visual Studio 2012\Projects\Load Runner 1.0\Load Runner 1.0\Load Runner 1.0.vcxproj" (Build target(s)).

Build succeeded.

Time Elapsed 00:00:06.52
