C:\USERS\BSP-B.TECH\DOCUMENTS\VISUAL STUDIO 2012\PROJECTS\LOAD RUNNER 1.0\LOAD RUNNER 1.0\RELEASE\STARTMENUACT.OBJ
C:\USERS\BSP-B.TECH\DOCUMENTS\VISUAL STUDIO 2012\PROJECTS\LOAD RUNNER 1.0\LOAD RUNNER 1.0\RELEASE\PLAYER.OBJ
C:\USERS\BSP-B.TECH\DOCUMENTS\VISUAL STUDIO 2012\PROJECTS\LOAD RUNNER 1.0\LOAD RUNNER 1.0\RELEASE\MENUPARENT.OBJ
C:\USERS\BSP-B.TECH\DOCUMENTS\VISUAL STUDIO 2012\PROJECTS\LOAD RUNNER 1.0\LOAD RUNNER 1.0\RELEASE\MAP.OBJ
C:\USERS\BSP-B.TECH\DOCUMENTS\VISUAL STUDIO 2012\PROJECTS\LOAD RUNNER 1.0\LOAD RUNNER 1.0\RELEASE\MAIN.OBJ
C:\USERS\BSP-B.TECH\DOCUMENTS\VISUAL STUDIO 2012\PROJECTS\LOAD RUNNER 1.0\LOAD RUNNER 1.0\RELEASE\GAMEWONACT.OBJ
C:\USERS\BSP-B.TECH\DOCUMENTS\VISUAL STUDIO 2012\PROJECTS\LOAD RUNNER 1.0\LOAD RUNNER 1.0\RELEASE\GAMEOVERACT.OBJ
C:\USERS\BSP-B.TECH\DOCUMENTS\VISUAL STUDIO 2012\PROJECTS\LOAD RUNNER 1.0\LOAD RUNNER 1.0\RELEASE\GAMEMANAGER.OBJ
C:\USERS\BSP-B.TECH\DOCUMENTS\VISUAL STUDIO 2012\PROJECTS\LOAD RUNNER 1.0\LOAD RUNNER 1.0\RELEASE\ENEMY.OBJ
C:\USERS\BSP-B.TECH\DOCUMENTS\VISUAL STUDIO 2012\PROJECTS\LOAD RUNNER 1.0\LOAD RUNNER 1.0\RELEASE\ACTIVITYGAME.OBJ
C:\USERS\BSP-B.TECH\DOCUMENTS\VISUAL STUDIO 2012\PROJECTS\LOAD RUNNER 1.0\LOAD RUNNER 1.0\RELEASE\VC110.PDB
C:\USERS\BSP-B.TECH\DOCUMENTS\VISUAL STUDIO 2012\PROJECTS\LOAD RUNNER 1.0\RELEASE\LOAD RUNNER 1.0.EXE
C:\USERS\BSP-B.TECH\DOCUMENTS\VISUAL STUDIO 2012\PROJECTS\LOAD RUNNER 1.0\RELEASE\LOAD RUNNER 1.0.PDB
C:\Users\BSP-B.Tech\Documents\Visual Studio 2012\Projects\Load Runner 1.0\Load Runner 1.0\Release\ActivityGame.obj
C:\Users\BSP-B.Tech\Documents\Visual Studio 2012\Projects\Load Runner 1.0\Load Runner 1.0\Release\Enemy.obj
C:\Users\BSP-B.Tech\Documents\Visual Studio 2012\Projects\Load Runner 1.0\Load Runner 1.0\Release\GameManager.obj
C:\Users\BSP-B.Tech\Documents\Visual Studio 2012\Projects\Load Runner 1.0\Load Runner 1.0\Release\GameOverAct.obj
C:\Users\BSP-B.Tech\Documents\Visual Studio 2012\Projects\Load Runner 1.0\Load Runner 1.0\Release\GameWonAct.obj
C:\Users\BSP-B.Tech\Documents\Visual Studio 2012\Projects\Load Runner 1.0\Load Runner 1.0\Release\Main.obj
C:\Users\BSP-B.Tech\Documents\Visual Studio 2012\Projects\Load Runner 1.0\Load Runner 1.0\Release\Map.obj
C:\Users\BSP-B.Tech\Documents\Visual Studio 2012\Projects\Load Runner 1.0\Load Runner 1.0\Release\MenuParent.obj
C:\Users\BSP-B.Tech\Documents\Visual Studio 2012\Projects\Load Runner 1.0\Load Runner 1.0\Release\Player.obj
C:\Users\BSP-B.Tech\Documents\Visual Studio 2012\Projects\Load Runner 1.0\Load Runner 1.0\Release\StartMenuAct.obj
C:\Users\BSP-B.Tech\Documents\Visual Studio 2012\Projects\Load Runner 1.0\Load Runner 1.0\Release\cl.command.1.tlog
C:\Users\BSP-B.Tech\Documents\Visual Studio 2012\Projects\Load Runner 1.0\Load Runner 1.0\Release\CL.read.1.tlog
C:\Users\BSP-B.Tech\Documents\Visual Studio 2012\Projects\Load Runner 1.0\Load Runner 1.0\Release\CL.write.1.tlog
C:\Users\BSP-B.Tech\Documents\Visual Studio 2012\Projects\Load Runner 1.0\Load Runner 1.0\Release\link-cvtres.read.1.tlog
C:\Users\BSP-B.Tech\Documents\Visual Studio 2012\Projects\Load Runner 1.0\Load Runner 1.0\Release\link-cvtres.write.1.tlog
C:\Users\BSP-B.Tech\Documents\Visual Studio 2012\Projects\Load Runner 1.0\Load Runner 1.0\Release\link-rc.read.1.tlog
C:\Users\BSP-B.Tech\Documents\Visual Studio 2012\Projects\Load Runner 1.0\Load Runner 1.0\Release\link-rc.write.1.tlog
C:\Users\BSP-B.Tech\Documents\Visual Studio 2012\Projects\Load Runner 1.0\Load Runner 1.0\Release\link.command.1.tlog
C:\Users\BSP-B.Tech\Documents\Visual Studio 2012\Projects\Load Runner 1.0\Load Runner 1.0\Release\link.read.1.tlog
C:\Users\BSP-B.Tech\Documents\Visual Studio 2012\Projects\Load Runner 1.0\Load Runner 1.0\Release\link.write.1.tlog
C:\Users\BSP-B.Tech\Documents\Visual Studio 2012\Projects\Load Runner 1.0\Load Runner 1.0\Release\vc110.pdb
C:\Users\BSP-B.Tech\Documents\Visual Studio 2012\Projects\Load Runner 1.0\Release\Load Runner 1.0.pdb
C:\Users\BSP-B.Tech\Documents\Visual Studio 2012\Projects\Load Runner 1.0\Release\Load Runner 1.0.exe
